{"E:\\University\\SE113-KCPM\\TestApp\\Laptech_Backend\\src\\models\\CartModel.js": {"path":"E:\\University\\SE113-KCPM\\TestApp\\Laptech_Backend\\src\\models\\CartModel.js","statementMap":{"0":{"start":{"line":1,"column":17},"end":{"line":1,"column":36}},"1":{"start":{"line":4,"column":17},"end":{"line":27,"column":1}},"2":{"start":{"line":30,"column":0},"end":{"line":30,"column":52}}},"fnMap":{},"branchMap":{},"s":{"0":2,"1":2,"2":2},"f":{},"b":{},"_coverageSchema":"1a1c01bbd47fc00a2c39e90264f33305004495a9","hash":"2a17d1c02c0a0d324843dc6e3f210d3456331deb"}
,"E:\\University\\SE113-KCPM\\TestApp\\Laptech_Backend\\src\\models\\CommentAndRating.js": {"path":"E:\\University\\SE113-KCPM\\TestApp\\Laptech_Backend\\src\\models\\CommentAndRating.js","statementMap":{"0":{"start":{"line":1,"column":17},"end":{"line":1,"column":36}},"1":{"start":{"line":2,"column":16},"end":{"line":2,"column":49}},"2":{"start":{"line":3,"column":13},"end":{"line":3,"column":43}},"3":{"start":{"line":5,"column":31},"end":{"line":23,"column":1}},"4":{"start":{"line":25,"column":25},"end":{"line":28,"column":1}},"5":{"start":{"line":29,"column":0},"end":{"line":29,"column":34}}},"fnMap":{},"branchMap":{},"s":{"0":1,"1":1,"2":1,"3":1,"4":1,"5":1},"f":{},"b":{},"_coverageSchema":"1a1c01bbd47fc00a2c39e90264f33305004495a9","hash":"eb67e59355f1252f4a29bbf2817610cd644ed2aa"}
,"E:\\University\\SE113-KCPM\\TestApp\\Laptech_Backend\\src\\models\\OrderProduct.js": {"path":"E:\\University\\SE113-KCPM\\TestApp\\Laptech_Backend\\src\\models\\OrderProduct.js","statementMap":{"0":{"start":{"line":1,"column":17},"end":{"line":1,"column":36}},"1":{"start":{"line":3,"column":20},"end":{"line":39,"column":1}},"2":{"start":{"line":40,"column":14},"end":{"line":40,"column":50}},"3":{"start":{"line":41,"column":0},"end":{"line":41,"column":23}}},"fnMap":{},"branchMap":{},"s":{"0":1,"1":1,"2":1,"3":1},"f":{},"b":{},"_coverageSchema":"1a1c01bbd47fc00a2c39e90264f33305004495a9","hash":"00493e20fb2f427b1201e49e14ad496c7788a7c0"}
,"E:\\University\\SE113-KCPM\\TestApp\\Laptech_Backend\\src\\models\\ProductModel.js": {"path":"E:\\University\\SE113-KCPM\\TestApp\\Laptech_Backend\\src\\models\\ProductModel.js","statementMap":{"0":{"start":{"line":1,"column":17},"end":{"line":1,"column":36}},"1":{"start":{"line":3,"column":22},"end":{"line":26,"column":1}},"2":{"start":{"line":27,"column":16},"end":{"line":27,"column":56}},"3":{"start":{"line":29,"column":0},"end":{"line":29,"column":25}}},"fnMap":{},"branchMap":{},"s":{"0":3,"1":3,"2":3,"3":3},"f":{},"b":{},"_coverageSchema":"1a1c01bbd47fc00a2c39e90264f33305004495a9","hash":"aa693961ac4611aacd64c2c0ca2a15994c25df33"}
,"E:\\University\\SE113-KCPM\\TestApp\\Laptech_Backend\\src\\models\\UserModel.js": {"path":"E:\\University\\SE113-KCPM\\TestApp\\Laptech_Backend\\src\\models\\UserModel.js","statementMap":{"0":{"start":{"line":1,"column":17},"end":{"line":1,"column":36}},"1":{"start":{"line":2,"column":19},"end":{"line":28,"column":1}},"2":{"start":{"line":29,"column":13},"end":{"line":29,"column":47}},"3":{"start":{"line":30,"column":0},"end":{"line":30,"column":22}}},"fnMap":{},"branchMap":{},"s":{"0":3,"1":3,"2":3,"3":3},"f":{},"b":{},"_coverageSchema":"1a1c01bbd47fc00a2c39e90264f33305004495a9","hash":"0dfe4b321666577db0aaa7d61bce53e7430b96a4"}
,"E:\\University\\SE113-KCPM\\TestApp\\Laptech_Backend\\src\\services\\JwtService.js": {"path":"E:\\University\\SE113-KCPM\\TestApp\\Laptech_Backend\\src\\services\\JwtService.js","statementMap":{"0":{"start":{"line":1,"column":12},"end":{"line":1,"column":35}},"1":{"start":{"line":2,"column":15},"end":{"line":2,"column":32}},"2":{"start":{"line":3,"column":0},"end":{"line":3,"column":16}},"3":{"start":{"line":5,"column":28},"end":{"line":15,"column":1}},"4":{"start":{"line":6,"column":23},"end":{"line":12,"column":3}},"5":{"start":{"line":14,"column":2},"end":{"line":14,"column":22}},"6":{"start":{"line":17,"column":29},"end":{"line":27,"column":1}},"7":{"start":{"line":18,"column":24},"end":{"line":24,"column":3}},"8":{"start":{"line":26,"column":2},"end":{"line":26,"column":23}},"9":{"start":{"line":29,"column":31},"end":{"line":54,"column":1}},"10":{"start":{"line":30,"column":2},"end":{"line":53,"column":5}},"11":{"start":{"line":31,"column":4},"end":{"line":52,"column":5}},"12":{"start":{"line":32,"column":6},"end":{"line":49,"column":9}},"13":{"start":{"line":33,"column":8},"end":{"line":39,"column":9}},"14":{"start":{"line":34,"column":10},"end":{"line":34,"column":27}},"15":{"start":{"line":35,"column":10},"end":{"line":38,"column":13}},"16":{"start":{"line":40,"column":29},"end":{"line":43,"column":10}},"17":{"start":{"line":44,"column":8},"end":{"line":48,"column":11}},"18":{"start":{"line":56,"column":0},"end":{"line":60,"column":2}}},"fnMap":{"0":{"name":"(anonymous_0)","decl":{"start":{"line":5,"column":28},"end":{"line":5,"column":29}},"loc":{"start":{"line":5,"column":47},"end":{"line":15,"column":1}},"line":5},"1":{"name":"(anonymous_1)","decl":{"start":{"line":17,"column":29},"end":{"line":17,"column":30}},"loc":{"start":{"line":17,"column":48},"end":{"line":27,"column":1}},"line":17},"2":{"name":"(anonymous_2)","decl":{"start":{"line":29,"column":31},"end":{"line":29,"column":32}},"loc":{"start":{"line":29,"column":42},"end":{"line":54,"column":1}},"line":29},"3":{"name":"(anonymous_3)","decl":{"start":{"line":30,"column":21},"end":{"line":30,"column":22}},"loc":{"start":{"line":30,"column":42},"end":{"line":53,"column":3}},"line":30},"4":{"name":"(anonymous_4)","decl":{"start":{"line":32,"column":51},"end":{"line":32,"column":52}},"loc":{"start":{"line":32,"column":72},"end":{"line":49,"column":7}},"line":32}},"branchMap":{"0":{"loc":{"start":{"line":33,"column":8},"end":{"line":39,"column":9}},"type":"if","locations":[{"start":{"line":33,"column":8},"end":{"line":39,"column":9}},{"start":{},"end":{}}],"line":33}},"s":{"0":2,"1":2,"2":2,"3":2,"4":7,"5":7,"6":2,"7":5,"8":5,"9":2,"10":2,"11":2,"12":2,"13":2,"14":1,"15":1,"16":2,"17":2,"18":2},"f":{"0":7,"1":5,"2":2,"3":2,"4":2},"b":{"0":[1,1]},"_coverageSchema":"1a1c01bbd47fc00a2c39e90264f33305004495a9","hash":"3bf985bb4f2968ee3d6266cec7ac89123ccab7f3"}
,"E:\\University\\SE113-KCPM\\TestApp\\Laptech_Backend\\src\\services\\OrderService.js": {"path":"E:\\University\\SE113-KCPM\\TestApp\\Laptech_Backend\\src\\services\\OrderService.js","statementMap":{"0":{"start":{"line":1,"column":14},"end":{"line":1,"column":47}},"1":{"start":{"line":2,"column":16},"end":{"line":2,"column":49}},"2":{"start":{"line":5,"column":20},"end":{"line":133,"column":1}},"3":{"start":{"line":6,"column":2},"end":{"line":132,"column":5}},"4":{"start":{"line":21,"column":8},"end":{"line":21,"column":16}},"5":{"start":{"line":22,"column":4},"end":{"line":131,"column":5}},"6":{"start":{"line":23,"column":36},"end":{"line":28,"column":8}},"7":{"start":{"line":24,"column":8},"end":{"line":27,"column":10}},"8":{"start":{"line":29,"column":6},"end":{"line":46,"column":7}},"9":{"start":{"line":42,"column":8},"end":{"line":45,"column":11}},"10":{"start":{"line":48,"column":6},"end":{"line":62,"column":7}},"11":{"start":{"line":49,"column":8},"end":{"line":61,"column":9}},"12":{"start":{"line":56,"column":10},"end":{"line":60,"column":13}},"13":{"start":{"line":64,"column":6},"end":{"line":90,"column":9}},"14":{"start":{"line":65,"column":28},"end":{"line":77,"column":9}},"15":{"start":{"line":78,"column":8},"end":{"line":89,"column":9}},"16":{"start":{"line":79,"column":10},"end":{"line":82,"column":12}},"17":{"start":{"line":84,"column":10},"end":{"line":88,"column":12}},"18":{"start":{"line":103,"column":27},"end":{"line":118,"column":8}},"19":{"start":{"line":119,"column":6},"end":{"line":126,"column":7}},"20":{"start":{"line":121,"column":8},"end":{"line":125,"column":11}},"21":{"start":{"line":130,"column":6},"end":{"line":130,"column":16}},"22":{"start":{"line":150,"column":27},"end":{"line":179,"column":1}},"23":{"start":{"line":151,"column":2},"end":{"line":178,"column":5}},"24":{"start":{"line":152,"column":4},"end":{"line":177,"column":5}},"25":{"start":{"line":153,"column":6},"end":{"line":158,"column":7}},"26":{"start":{"line":154,"column":8},"end":{"line":157,"column":11}},"27":{"start":{"line":159,"column":20},"end":{"line":161,"column":47}},"28":{"start":{"line":162,"column":6},"end":{"line":167,"column":7}},"29":{"start":{"line":163,"column":8},"end":{"line":166,"column":11}},"30":{"start":{"line":169,"column":6},"end":{"line":173,"column":9}},"31":{"start":{"line":176,"column":6},"end":{"line":176,"column":16}},"32":{"start":{"line":182,"column":24},"end":{"line":211,"column":1}},"33":{"start":{"line":183,"column":2},"end":{"line":210,"column":5}},"34":{"start":{"line":184,"column":4},"end":{"line":209,"column":5}},"35":{"start":{"line":185,"column":6},"end":{"line":190,"column":7}},"36":{"start":{"line":186,"column":8},"end":{"line":189,"column":11}},"37":{"start":{"line":191,"column":20},"end":{"line":193,"column":8}},"38":{"start":{"line":194,"column":6},"end":{"line":199,"column":7}},"39":{"start":{"line":195,"column":8},"end":{"line":198,"column":11}},"40":{"start":{"line":201,"column":6},"end":{"line":205,"column":9}},"41":{"start":{"line":208,"column":6},"end":{"line":208,"column":16}},"42":{"start":{"line":214,"column":27},"end":{"line":272,"column":1}},"43":{"start":{"line":215,"column":2},"end":{"line":271,"column":5}},"44":{"start":{"line":216,"column":4},"end":{"line":270,"column":5}},"45":{"start":{"line":217,"column":18},"end":{"line":217,"column":20}},"46":{"start":{"line":218,"column":6},"end":{"line":223,"column":7}},"47":{"start":{"line":219,"column":8},"end":{"line":222,"column":11}},"48":{"start":{"line":224,"column":23},"end":{"line":253,"column":8}},"49":{"start":{"line":225,"column":28},"end":{"line":237,"column":9}},"50":{"start":{"line":238,"column":8},"end":{"line":252,"column":9}},"51":{"start":{"line":239,"column":10},"end":{"line":239,"column":52}},"52":{"start":{"line":240,"column":10},"end":{"line":245,"column":11}},"53":{"start":{"line":241,"column":12},"end":{"line":244,"column":15}},"54":{"start":{"line":247,"column":10},"end":{"line":251,"column":12}},"55":{"start":{"line":254,"column":22},"end":{"line":254,"column":49}},"56":{"start":{"line":255,"column":22},"end":{"line":255,"column":60}},"57":{"start":{"line":257,"column":6},"end":{"line":262,"column":7}},"58":{"start":{"line":258,"column":8},"end":{"line":261,"column":11}},"59":{"start":{"line":263,"column":6},"end":{"line":267,"column":9}},"60":{"start":{"line":269,"column":6},"end":{"line":269,"column":16}},"61":{"start":{"line":275,"column":20},"end":{"line":291,"column":1}},"62":{"start":{"line":276,"column":2},"end":{"line":290,"column":5}},"63":{"start":{"line":277,"column":4},"end":{"line":289,"column":5}},"64":{"start":{"line":278,"column":23},"end":{"line":281,"column":8}},"65":{"start":{"line":282,"column":6},"end":{"line":286,"column":9}},"66":{"start":{"line":288,"column":6},"end":{"line":288,"column":16}},"67":{"start":{"line":294,"column":26},"end":{"line":325,"column":1}},"68":{"start":{"line":295,"column":2},"end":{"line":324,"column":5}},"69":{"start":{"line":296,"column":4},"end":{"line":323,"column":5}},"70":{"start":{"line":297,"column":6},"end":{"line":302,"column":7}},"71":{"start":{"line":298,"column":8},"end":{"line":301,"column":11}},"72":{"start":{"line":303,"column":25},"end":{"line":305,"column":8}},"73":{"start":{"line":306,"column":6},"end":{"line":311,"column":7}},"74":{"start":{"line":307,"column":8},"end":{"line":310,"column":11}},"75":{"start":{"line":313,"column":27},"end":{"line":315,"column":8}},"76":{"start":{"line":316,"column":6},"end":{"line":320,"column":9}},"77":{"start":{"line":322,"column":6},"end":{"line":322,"column":16}},"78":{"start":{"line":327,"column":0},"end":{"line":334,"column":2}}},"fnMap":{"0":{"name":"(anonymous_0)","decl":{"start":{"line":5,"column":20},"end":{"line":5,"column":21}},"loc":{"start":{"line":5,"column":34},"end":{"line":133,"column":1}},"line":5},"1":{"name":"(anonymous_1)","decl":{"start":{"line":6,"column":21},"end":{"line":6,"column":22}},"loc":{"start":{"line":6,"column":48},"end":{"line":132,"column":3}},"line":6},"2":{"name":"(anonymous_2)","decl":{"start":{"line":23,"column":51},"end":{"line":23,"column":52}},"loc":{"start":{"line":23,"column":61},"end":{"line":28,"column":7}},"line":23},"3":{"name":"(anonymous_3)","decl":{"start":{"line":64,"column":32},"end":{"line":64,"column":33}},"loc":{"start":{"line":64,"column":49},"end":{"line":90,"column":7}},"line":64},"4":{"name":"(anonymous_4)","decl":{"start":{"line":150,"column":27},"end":{"line":150,"column":28}},"loc":{"start":{"line":150,"column":35},"end":{"line":179,"column":1}},"line":150},"5":{"name":"(anonymous_5)","decl":{"start":{"line":151,"column":21},"end":{"line":151,"column":22}},"loc":{"start":{"line":151,"column":48},"end":{"line":178,"column":3}},"line":151},"6":{"name":"(anonymous_6)","decl":{"start":{"line":182,"column":24},"end":{"line":182,"column":25}},"loc":{"start":{"line":182,"column":32},"end":{"line":211,"column":1}},"line":182},"7":{"name":"(anonymous_7)","decl":{"start":{"line":183,"column":21},"end":{"line":183,"column":22}},"loc":{"start":{"line":183,"column":48},"end":{"line":210,"column":3}},"line":183},"8":{"name":"(anonymous_8)","decl":{"start":{"line":214,"column":27},"end":{"line":214,"column":28}},"loc":{"start":{"line":214,"column":41},"end":{"line":272,"column":1}},"line":214},"9":{"name":"(anonymous_9)","decl":{"start":{"line":215,"column":21},"end":{"line":215,"column":22}},"loc":{"start":{"line":215,"column":48},"end":{"line":271,"column":3}},"line":215},"10":{"name":"(anonymous_10)","decl":{"start":{"line":224,"column":32},"end":{"line":224,"column":33}},"loc":{"start":{"line":224,"column":49},"end":{"line":253,"column":7}},"line":224},"11":{"name":"(anonymous_11)","decl":{"start":{"line":275,"column":20},"end":{"line":275,"column":21}},"loc":{"start":{"line":275,"column":26},"end":{"line":291,"column":1}},"line":275},"12":{"name":"(anonymous_12)","decl":{"start":{"line":276,"column":21},"end":{"line":276,"column":22}},"loc":{"start":{"line":276,"column":48},"end":{"line":290,"column":3}},"line":276},"13":{"name":"(anonymous_13)","decl":{"start":{"line":294,"column":26},"end":{"line":294,"column":27}},"loc":{"start":{"line":294,"column":42},"end":{"line":325,"column":1}},"line":294},"14":{"name":"(anonymous_14)","decl":{"start":{"line":295,"column":21},"end":{"line":295,"column":22}},"loc":{"start":{"line":295,"column":48},"end":{"line":324,"column":3}},"line":295}},"branchMap":{"0":{"loc":{"start":{"line":29,"column":6},"end":{"line":46,"column":7}},"type":"if","locations":[{"start":{"line":29,"column":6},"end":{"line":46,"column":7}},{"start":{},"end":{}}],"line":29},"1":{"loc":{"start":{"line":30,"column":8},"end":{"line":40,"column":31}},"type":"binary-expr","locations":[{"start":{"line":30,"column":8},"end":{"line":30,"column":22}},{"start":{"line":31,"column":8},"end":{"line":31,"column":19}},{"start":{"line":32,"column":8},"end":{"line":32,"column":22}},{"start":{"line":33,"column":8},"end":{"line":33,"column":19}},{"start":{"line":34,"column":8},"end":{"line":34,"column":17}},{"start":{"line":35,"column":8},"end":{"line":35,"column":16}},{"start":{"line":36,"column":8},"end":{"line":36,"column":13}},{"start":{"line":37,"column":8},"end":{"line":37,"column":14}},{"start":{"line":38,"column":8},"end":{"line":38,"column":19}},{"start":{"line":39,"column":8},"end":{"line":39,"column":34}},{"start":{"line":40,"column":8},"end":{"line":40,"column":31}}],"line":30},"2":{"loc":{"start":{"line":49,"column":8},"end":{"line":61,"column":9}},"type":"if","locations":[{"start":{"line":49,"column":8},"end":{"line":61,"column":9}},{"start":{},"end":{}}],"line":49},"3":{"loc":{"start":{"line":50,"column":10},"end":{"line":54,"column":21}},"type":"binary-expr","locations":[{"start":{"line":50,"column":10},"end":{"line":50,"column":23}},{"start":{"line":51,"column":10},"end":{"line":51,"column":22}},{"start":{"line":52,"column":10},"end":{"line":52,"column":21}},{"start":{"line":53,"column":10},"end":{"line":53,"column":20}},{"start":{"line":54,"column":10},"end":{"line":54,"column":21}}],"line":50},"4":{"loc":{"start":{"line":78,"column":8},"end":{"line":89,"column":9}},"type":"if","locations":[{"start":{"line":78,"column":8},"end":{"line":89,"column":9}},{"start":{"line":83,"column":15},"end":{"line":89,"column":9}}],"line":78},"5":{"loc":{"start":{"line":119,"column":6},"end":{"line":126,"column":7}},"type":"if","locations":[{"start":{"line":119,"column":6},"end":{"line":126,"column":7}},{"start":{},"end":{}}],"line":119},"6":{"loc":{"start":{"line":153,"column":6},"end":{"line":158,"column":7}},"type":"if","locations":[{"start":{"line":153,"column":6},"end":{"line":158,"column":7}},{"start":{},"end":{}}],"line":153},"7":{"loc":{"start":{"line":162,"column":6},"end":{"line":167,"column":7}},"type":"if","locations":[{"start":{"line":162,"column":6},"end":{"line":167,"column":7}},{"start":{},"end":{}}],"line":162},"8":{"loc":{"start":{"line":162,"column":10},"end":{"line":162,"column":46}},"type":"binary-expr","locations":[{"start":{"line":162,"column":10},"end":{"line":162,"column":24}},{"start":{"line":162,"column":28},"end":{"line":162,"column":46}}],"line":162},"9":{"loc":{"start":{"line":185,"column":6},"end":{"line":190,"column":7}},"type":"if","locations":[{"start":{"line":185,"column":6},"end":{"line":190,"column":7}},{"start":{},"end":{}}],"line":185},"10":{"loc":{"start":{"line":194,"column":6},"end":{"line":199,"column":7}},"type":"if","locations":[{"start":{"line":194,"column":6},"end":{"line":199,"column":7}},{"start":{},"end":{}}],"line":194},"11":{"loc":{"start":{"line":218,"column":6},"end":{"line":223,"column":7}},"type":"if","locations":[{"start":{"line":218,"column":6},"end":{"line":223,"column":7}},{"start":{},"end":{}}],"line":218},"12":{"loc":{"start":{"line":238,"column":8},"end":{"line":252,"column":9}},"type":"if","locations":[{"start":{"line":238,"column":8},"end":{"line":252,"column":9}},{"start":{"line":246,"column":15},"end":{"line":252,"column":9}}],"line":238},"13":{"loc":{"start":{"line":240,"column":10},"end":{"line":245,"column":11}},"type":"if","locations":[{"start":{"line":240,"column":10},"end":{"line":245,"column":11}},{"start":{},"end":{}}],"line":240},"14":{"loc":{"start":{"line":255,"column":22},"end":{"line":255,"column":60}},"type":"binary-expr","locations":[{"start":{"line":255,"column":22},"end":{"line":255,"column":29}},{"start":{"line":255,"column":33},"end":{"line":255,"column":43}},{"start":{"line":255,"column":47},"end":{"line":255,"column":60}}],"line":255},"15":{"loc":{"start":{"line":257,"column":6},"end":{"line":262,"column":7}},"type":"if","locations":[{"start":{"line":257,"column":6},"end":{"line":262,"column":7}},{"start":{},"end":{}}],"line":257},"16":{"loc":{"start":{"line":297,"column":6},"end":{"line":302,"column":7}},"type":"if","locations":[{"start":{"line":297,"column":6},"end":{"line":302,"column":7}},{"start":{},"end":{}}],"line":297},"17":{"loc":{"start":{"line":306,"column":6},"end":{"line":311,"column":7}},"type":"if","locations":[{"start":{"line":306,"column":6},"end":{"line":311,"column":7}},{"start":{},"end":{}}],"line":306},"18":{"loc":{"start":{"line":306,"column":10},"end":{"line":306,"column":56}},"type":"binary-expr","locations":[{"start":{"line":306,"column":10},"end":{"line":306,"column":29}},{"start":{"line":306,"column":33},"end":{"line":306,"column":56}}],"line":306}},"s":{"0":1,"1":1,"2":1,"3":7,"4":7,"5":7,"6":7,"7":7,"8":7,"9":2,"10":7,"11":7,"12":2,"13":7,"14":7,"15":6,"16":2,"17":4,"18":7,"19":5,"20":5,"21":2,"22":1,"23":3,"24":3,"25":3,"26":1,"27":3,"28":2,"29":1,"30":2,"31":1,"32":1,"33":3,"34":3,"35":3,"36":1,"37":3,"38":2,"39":1,"40":2,"41":1,"42":1,"43":4,"44":4,"45":4,"46":4,"47":3,"48":4,"49":1,"50":0,"51":0,"52":0,"53":0,"54":0,"55":4,"56":3,"57":3,"58":0,"59":3,"60":0,"61":1,"62":1,"63":1,"64":1,"65":1,"66":0,"67":1,"68":3,"69":3,"70":3,"71":1,"72":3,"73":2,"74":1,"75":2,"76":2,"77":1,"78":1},"f":{"0":7,"1":7,"2":7,"3":7,"4":3,"5":3,"6":3,"7":3,"8":4,"9":4,"10":1,"11":1,"12":1,"13":3,"14":3},"b":{"0":[2,5],"1":[7,5,5,5,5,5,5,5,5,5,5],"2":[2,5],"3":[7,7,5,5,5],"4":[2,4],"5":[5,0],"6":[1,2],"7":[1,1],"8":[2,2],"9":[1,2],"10":[1,1],"11":[3,1],"12":[0,0],"13":[0,0],"14":[3,3,0],"15":[0,3],"16":[1,2],"17":[1,1],"18":[2,1]},"_coverageSchema":"1a1c01bbd47fc00a2c39e90264f33305004495a9","hash":"2ecdbdb3546ceac4cf6cd8952ac6934382ff45ea"}
,"E:\\University\\SE113-KCPM\\TestApp\\Laptech_Backend\\src\\services\\ProductService.js": {"path":"E:\\University\\SE113-KCPM\\TestApp\\Laptech_Backend\\src\\services\\ProductService.js","statementMap":{"0":{"start":{"line":1,"column":16},"end":{"line":1,"column":49}},"1":{"start":{"line":2,"column":25},"end":{"line":2,"column":62}},"2":{"start":{"line":5,"column":22},"end":{"line":53,"column":1}},"3":{"start":{"line":6,"column":2},"end":{"line":52,"column":5}},"4":{"start":{"line":8,"column":6},"end":{"line":8,"column":16}},"5":{"start":{"line":9,"column":4},"end":{"line":22,"column":5}},"6":{"start":{"line":18,"column":6},"end":{"line":21,"column":9}},"7":{"start":{"line":23,"column":4},"end":{"line":51,"column":5}},"8":{"start":{"line":24,"column":27},"end":{"line":26,"column":8}},"9":{"start":{"line":27,"column":6},"end":{"line":32,"column":7}},"10":{"start":{"line":28,"column":8},"end":{"line":31,"column":11}},"11":{"start":{"line":33,"column":25},"end":{"line":41,"column":8}},"12":{"start":{"line":42,"column":6},"end":{"line":48,"column":7}},"13":{"start":{"line":43,"column":8},"end":{"line":47,"column":11}},"14":{"start":{"line":50,"column":6},"end":{"line":50,"column":16}},"15":{"start":{"line":56,"column":22},"end":{"line":97,"column":1}},"16":{"start":{"line":57,"column":2},"end":{"line":96,"column":5}},"17":{"start":{"line":58,"column":4},"end":{"line":95,"column":5}},"18":{"start":{"line":59,"column":27},"end":{"line":61,"column":8}},"19":{"start":{"line":63,"column":8},"end":{"line":63,"column":12}},"20":{"start":{"line":64,"column":6},"end":{"line":77,"column":7}},"21":{"start":{"line":73,"column":8},"end":{"line":76,"column":11}},"22":{"start":{"line":78,"column":6},"end":{"line":83,"column":7}},"23":{"start":{"line":79,"column":8},"end":{"line":82,"column":11}},"24":{"start":{"line":85,"column":29},"end":{"line":87,"column":8}},"25":{"start":{"line":88,"column":6},"end":{"line":92,"column":9}},"26":{"start":{"line":94,"column":6},"end":{"line":94,"column":16}},"27":{"start":{"line":100,"column":22},"end":{"line":129,"column":1}},"28":{"start":{"line":101,"column":2},"end":{"line":128,"column":5}},"29":{"start":{"line":102,"column":4},"end":{"line":127,"column":5}},"30":{"start":{"line":103,"column":6},"end":{"line":108,"column":7}},"31":{"start":{"line":104,"column":8},"end":{"line":107,"column":11}},"32":{"start":{"line":109,"column":27},"end":{"line":111,"column":8}},"33":{"start":{"line":113,"column":6},"end":{"line":118,"column":7}},"34":{"start":{"line":114,"column":8},"end":{"line":117,"column":11}},"35":{"start":{"line":120,"column":6},"end":{"line":120,"column":42}},"36":{"start":{"line":121,"column":6},"end":{"line":124,"column":9}},"37":{"start":{"line":126,"column":6},"end":{"line":126,"column":16}},"38":{"start":{"line":132,"column":26},"end":{"line":154,"column":1}},"39":{"start":{"line":133,"column":2},"end":{"line":153,"column":5}},"40":{"start":{"line":134,"column":4},"end":{"line":152,"column":5}},"41":{"start":{"line":135,"column":22},"end":{"line":137,"column":8}},"42":{"start":{"line":138,"column":6},"end":{"line":143,"column":7}},"43":{"start":{"line":139,"column":8},"end":{"line":142,"column":11}},"44":{"start":{"line":145,"column":6},"end":{"line":149,"column":9}},"45":{"start":{"line":157,"column":22},"end":{"line":219,"column":1}},"46":{"start":{"line":158,"column":2},"end":{"line":218,"column":5}},"47":{"start":{"line":159,"column":4},"end":{"line":217,"column":5}},"48":{"start":{"line":160,"column":27},"end":{"line":160,"column":48}},"49":{"start":{"line":161,"column":23},"end":{"line":161,"column":25}},"50":{"start":{"line":196,"column":6},"end":{"line":206,"column":7}},"51":{"start":{"line":197,"column":8},"end":{"line":200,"column":11}},"52":{"start":{"line":202,"column":8},"end":{"line":205,"column":50}},"53":{"start":{"line":207,"column":6},"end":{"line":214,"column":9}},"54":{"start":{"line":222,"column":19},"end":{"line":235,"column":1}},"55":{"start":{"line":223,"column":2},"end":{"line":234,"column":5}},"56":{"start":{"line":224,"column":4},"end":{"line":233,"column":5}},"57":{"start":{"line":225,"column":22},"end":{"line":225,"column":52}},"58":{"start":{"line":226,"column":6},"end":{"line":230,"column":9}},"59":{"start":{"line":232,"column":6},"end":{"line":232,"column":16}},"60":{"start":{"line":238,"column":28},"end":{"line":255,"column":1}},"61":{"start":{"line":239,"column":2},"end":{"line":254,"column":5}},"62":{"start":{"line":240,"column":4},"end":{"line":253,"column":5}},"63":{"start":{"line":241,"column":34},"end":{"line":245,"column":47}},"64":{"start":{"line":246,"column":6},"end":{"line":250,"column":9}},"65":{"start":{"line":252,"column":6},"end":{"line":252,"column":16}},"66":{"start":{"line":257,"column":0},"end":{"line":265,"column":2}}},"fnMap":{"0":{"name":"(anonymous_0)","decl":{"start":{"line":5,"column":22},"end":{"line":5,"column":23}},"loc":{"start":{"line":5,"column":38},"end":{"line":53,"column":1}},"line":5},"1":{"name":"(anonymous_1)","decl":{"start":{"line":6,"column":21},"end":{"line":6,"column":22}},"loc":{"start":{"line":6,"column":48},"end":{"line":52,"column":3}},"line":6},"2":{"name":"(anonymous_2)","decl":{"start":{"line":56,"column":22},"end":{"line":56,"column":23}},"loc":{"start":{"line":56,"column":36},"end":{"line":97,"column":1}},"line":56},"3":{"name":"(anonymous_3)","decl":{"start":{"line":57,"column":21},"end":{"line":57,"column":22}},"loc":{"start":{"line":57,"column":48},"end":{"line":96,"column":3}},"line":57},"4":{"name":"(anonymous_4)","decl":{"start":{"line":100,"column":22},"end":{"line":100,"column":23}},"loc":{"start":{"line":100,"column":30},"end":{"line":129,"column":1}},"line":100},"5":{"name":"(anonymous_5)","decl":{"start":{"line":101,"column":21},"end":{"line":101,"column":22}},"loc":{"start":{"line":101,"column":48},"end":{"line":128,"column":3}},"line":101},"6":{"name":"(anonymous_6)","decl":{"start":{"line":132,"column":26},"end":{"line":132,"column":27}},"loc":{"start":{"line":132,"column":34},"end":{"line":154,"column":1}},"line":132},"7":{"name":"(anonymous_7)","decl":{"start":{"line":133,"column":21},"end":{"line":133,"column":22}},"loc":{"start":{"line":133,"column":48},"end":{"line":153,"column":3}},"line":133},"8":{"name":"(anonymous_8)","decl":{"start":{"line":157,"column":22},"end":{"line":157,"column":23}},"loc":{"start":{"line":157,"column":53},"end":{"line":219,"column":1}},"line":157},"9":{"name":"(anonymous_9)","decl":{"start":{"line":158,"column":21},"end":{"line":158,"column":22}},"loc":{"start":{"line":158,"column":48},"end":{"line":218,"column":3}},"line":158},"10":{"name":"(anonymous_10)","decl":{"start":{"line":222,"column":19},"end":{"line":222,"column":20}},"loc":{"start":{"line":222,"column":25},"end":{"line":235,"column":1}},"line":222},"11":{"name":"(anonymous_11)","decl":{"start":{"line":223,"column":21},"end":{"line":223,"column":22}},"loc":{"start":{"line":223,"column":48},"end":{"line":234,"column":3}},"line":223},"12":{"name":"(anonymous_12)","decl":{"start":{"line":238,"column":28},"end":{"line":238,"column":29}},"loc":{"start":{"line":238,"column":36},"end":{"line":255,"column":1}},"line":238},"13":{"name":"(anonymous_13)","decl":{"start":{"line":239,"column":21},"end":{"line":239,"column":22}},"loc":{"start":{"line":239,"column":48},"end":{"line":254,"column":3}},"line":239}},"branchMap":{"0":{"loc":{"start":{"line":9,"column":4},"end":{"line":22,"column":5}},"type":"if","locations":[{"start":{"line":9,"column":4},"end":{"line":22,"column":5}},{"start":{},"end":{}}],"line":9},"1":{"loc":{"start":{"line":10,"column":6},"end":{"line":16,"column":18}},"type":"binary-expr","locations":[{"start":{"line":10,"column":6},"end":{"line":10,"column":11}},{"start":{"line":11,"column":6},"end":{"line":11,"column":12}},{"start":{"line":12,"column":6},"end":{"line":12,"column":11}},{"start":{"line":13,"column":6},"end":{"line":13,"column":14}},{"start":{"line":14,"column":6},"end":{"line":14,"column":19}},{"start":{"line":15,"column":6},"end":{"line":15,"column":12}},{"start":{"line":16,"column":6},"end":{"line":16,"column":18}}],"line":10},"2":{"loc":{"start":{"line":27,"column":6},"end":{"line":32,"column":7}},"type":"if","locations":[{"start":{"line":27,"column":6},"end":{"line":32,"column":7}},{"start":{},"end":{}}],"line":27},"3":{"loc":{"start":{"line":42,"column":6},"end":{"line":48,"column":7}},"type":"if","locations":[{"start":{"line":42,"column":6},"end":{"line":48,"column":7}},{"start":{},"end":{}}],"line":42},"4":{"loc":{"start":{"line":64,"column":6},"end":{"line":77,"column":7}},"type":"if","locations":[{"start":{"line":64,"column":6},"end":{"line":77,"column":7}},{"start":{},"end":{}}],"line":64},"5":{"loc":{"start":{"line":65,"column":8},"end":{"line":71,"column":20}},"type":"binary-expr","locations":[{"start":{"line":65,"column":8},"end":{"line":65,"column":13}},{"start":{"line":66,"column":8},"end":{"line":66,"column":14}},{"start":{"line":67,"column":8},"end":{"line":67,"column":13}},{"start":{"line":68,"column":8},"end":{"line":68,"column":16}},{"start":{"line":69,"column":8},"end":{"line":69,"column":21}},{"start":{"line":70,"column":8},"end":{"line":70,"column":14}},{"start":{"line":71,"column":8},"end":{"line":71,"column":20}}],"line":65},"6":{"loc":{"start":{"line":78,"column":6},"end":{"line":83,"column":7}},"type":"if","locations":[{"start":{"line":78,"column":6},"end":{"line":83,"column":7}},{"start":{},"end":{}}],"line":78},"7":{"loc":{"start":{"line":103,"column":6},"end":{"line":108,"column":7}},"type":"if","locations":[{"start":{"line":103,"column":6},"end":{"line":108,"column":7}},{"start":{},"end":{}}],"line":103},"8":{"loc":{"start":{"line":113,"column":6},"end":{"line":118,"column":7}},"type":"if","locations":[{"start":{"line":113,"column":6},"end":{"line":118,"column":7}},{"start":{},"end":{}}],"line":113},"9":{"loc":{"start":{"line":138,"column":6},"end":{"line":143,"column":7}},"type":"if","locations":[{"start":{"line":138,"column":6},"end":{"line":143,"column":7}},{"start":{},"end":{}}],"line":138},"10":{"loc":{"start":{"line":196,"column":6},"end":{"line":206,"column":7}},"type":"if","locations":[{"start":{"line":196,"column":6},"end":{"line":206,"column":7}},{"start":{"line":201,"column":13},"end":{"line":206,"column":7}}],"line":196}},"s":{"0":1,"1":1,"2":1,"3":4,"4":4,"5":4,"6":1,"7":4,"8":4,"9":4,"10":1,"11":4,"12":2,"13":2,"14":2,"15":1,"16":7,"17":7,"18":7,"19":7,"20":7,"21":6,"22":7,"23":0,"24":7,"25":7,"26":0,"27":1,"28":3,"29":3,"30":3,"31":1,"32":3,"33":2,"34":1,"35":2,"36":2,"37":1,"38":1,"39":2,"40":2,"41":2,"42":2,"43":1,"44":2,"45":1,"46":2,"47":2,"48":2,"49":2,"50":2,"51":0,"52":2,"53":2,"54":1,"55":1,"56":1,"57":1,"58":1,"59":0,"60":1,"61":1,"62":1,"63":1,"64":1,"65":0,"66":1},"f":{"0":4,"1":4,"2":7,"3":7,"4":3,"5":3,"6":2,"7":2,"8":2,"9":2,"10":1,"11":1,"12":1,"13":1},"b":{"0":[1,3],"1":[4,3,3,3,3,3,3],"2":[1,3],"3":[2,0],"4":[6,1],"5":[7,6,5,4,3,3,2],"6":[0,7],"7":[1,2],"8":[1,1],"9":[1,1],"10":[0,2]},"_coverageSchema":"1a1c01bbd47fc00a2c39e90264f33305004495a9","hash":"b99b06e794c4bba6cc248d55fa206c43719eae75"}
,"E:\\University\\SE113-KCPM\\TestApp\\Laptech_Backend\\src\\services\\UserService.js": {"path":"E:\\University\\SE113-KCPM\\TestApp\\Laptech_Backend\\src\\services\\UserService.js","statementMap":{"0":{"start":{"line":1,"column":13},"end":{"line":1,"column":43}},"1":{"start":{"line":2,"column":16},"end":{"line":2,"column":49}},"2":{"start":{"line":3,"column":13},"end":{"line":3,"column":43}},"3":{"start":{"line":4,"column":15},"end":{"line":4,"column":32}},"4":{"start":{"line":5,"column":54},"end":{"line":5,"column":77}},"5":{"start":{"line":8,"column":19},"end":{"line":55,"column":1}},"6":{"start":{"line":9,"column":2},"end":{"line":54,"column":5}},"7":{"start":{"line":10,"column":71},"end":{"line":10,"column":78}},"8":{"start":{"line":11,"column":4},"end":{"line":16,"column":5}},"9":{"start":{"line":12,"column":6},"end":{"line":15,"column":9}},"10":{"start":{"line":17,"column":4},"end":{"line":22,"column":5}},"11":{"start":{"line":18,"column":6},"end":{"line":21,"column":9}},"12":{"start":{"line":23,"column":4},"end":{"line":53,"column":5}},"13":{"start":{"line":24,"column":24},"end":{"line":26,"column":8}},"14":{"start":{"line":27,"column":6},"end":{"line":32,"column":7}},"15":{"start":{"line":28,"column":8},"end":{"line":31,"column":11}},"16":{"start":{"line":33,"column":19},"end":{"line":33,"column":48}},"17":{"start":{"line":34,"column":26},"end":{"line":40,"column":8}},"18":{"start":{"line":41,"column":6},"end":{"line":47,"column":7}},"19":{"start":{"line":42,"column":8},"end":{"line":46,"column":11}},"20":{"start":{"line":49,"column":6},"end":{"line":49,"column":16}},"21":{"start":{"line":50,"column":6},"end":{"line":52,"column":9}},"22":{"start":{"line":58,"column":18},"end":{"line":102,"column":1}},"23":{"start":{"line":59,"column":2},"end":{"line":101,"column":5}},"24":{"start":{"line":60,"column":32},"end":{"line":60,"column":41}},"25":{"start":{"line":61,"column":4},"end":{"line":61,"column":40}},"26":{"start":{"line":62,"column":4},"end":{"line":100,"column":5}},"27":{"start":{"line":63,"column":24},"end":{"line":65,"column":8}},"28":{"start":{"line":66,"column":6},"end":{"line":71,"column":7}},"29":{"start":{"line":67,"column":8},"end":{"line":70,"column":11}},"30":{"start":{"line":72,"column":30},"end":{"line":72,"column":78}},"31":{"start":{"line":73,"column":6},"end":{"line":73,"column":54}},"32":{"start":{"line":74,"column":6},"end":{"line":79,"column":7}},"33":{"start":{"line":75,"column":8},"end":{"line":78,"column":11}},"34":{"start":{"line":81,"column":27},"end":{"line":84,"column":8}},"35":{"start":{"line":86,"column":28},"end":{"line":89,"column":8}},"36":{"start":{"line":91,"column":6},"end":{"line":97,"column":9}},"37":{"start":{"line":99,"column":6},"end":{"line":99,"column":16}},"38":{"start":{"line":105,"column":19},"end":{"line":135,"column":1}},"39":{"start":{"line":106,"column":2},"end":{"line":134,"column":5}},"40":{"start":{"line":107,"column":4},"end":{"line":133,"column":5}},"41":{"start":{"line":108,"column":24},"end":{"line":110,"column":8}},"42":{"start":{"line":112,"column":6},"end":{"line":117,"column":7}},"43":{"start":{"line":113,"column":8},"end":{"line":116,"column":11}},"44":{"start":{"line":118,"column":6},"end":{"line":123,"column":7}},"45":{"start":{"line":119,"column":8},"end":{"line":122,"column":11}},"46":{"start":{"line":125,"column":26},"end":{"line":125,"column":79}},"47":{"start":{"line":126,"column":6},"end":{"line":130,"column":9}},"48":{"start":{"line":138,"column":23},"end":{"line":194,"column":1}},"49":{"start":{"line":139,"column":2},"end":{"line":193,"column":3}},"50":{"start":{"line":140,"column":17},"end":{"line":140,"column":44}},"51":{"start":{"line":143,"column":25},"end":{"line":143,"column":61}},"52":{"start":{"line":144,"column":4},"end":{"line":146,"column":5}},"53":{"start":{"line":145,"column":6},"end":{"line":145,"column":61}},"54":{"start":{"line":149,"column":23},"end":{"line":149,"column":64}},"55":{"start":{"line":150,"column":20},"end":{"line":156,"column":5}},"56":{"start":{"line":158,"column":4},"end":{"line":190,"column":5}},"57":{"start":{"line":160,"column":27},"end":{"line":162,"column":7}},"58":{"start":{"line":161,"column":15},"end":{"line":161,"column":63}},"59":{"start":{"line":164,"column":6},"end":{"line":168,"column":7}},"60":{"start":{"line":165,"column":8},"end":{"line":165,"column":70}},"61":{"start":{"line":167,"column":8},"end":{"line":167,"column":44}},"62":{"start":{"line":170,"column":6},"end":{"line":173,"column":8}},"63":{"start":{"line":171,"column":22},"end":{"line":171,"column":48}},"64":{"start":{"line":175,"column":6},"end":{"line":175,"column":32}},"65":{"start":{"line":176,"column":6},"end":{"line":176,"column":70}},"66":{"start":{"line":179,"column":22},"end":{"line":183,"column":8}},"67":{"start":{"line":185,"column":6},"end":{"line":185,"column":27}},"68":{"start":{"line":186,"column":6},"end":{"line":186,"column":30}},"69":{"start":{"line":187,"column":6},"end":{"line":187,"column":24}},"70":{"start":{"line":189,"column":6},"end":{"line":189,"column":65}},"71":{"start":{"line":197,"column":23},"end":{"line":231,"column":1}},"72":{"start":{"line":198,"column":2},"end":{"line":230,"column":3}},"73":{"start":{"line":199,"column":17},"end":{"line":199,"column":44}},"74":{"start":{"line":200,"column":4},"end":{"line":202,"column":5}},"75":{"start":{"line":201,"column":6},"end":{"line":201,"column":58}},"76":{"start":{"line":204,"column":25},"end":{"line":204,"column":66}},"77":{"start":{"line":205,"column":4},"end":{"line":207,"column":5}},"78":{"start":{"line":206,"column":6},"end":{"line":206,"column":58}},"79":{"start":{"line":209,"column":25},"end":{"line":211,"column":5}},"80":{"start":{"line":210,"column":19},"end":{"line":210,"column":55}},"81":{"start":{"line":212,"column":4},"end":{"line":214,"column":5}},"82":{"start":{"line":213,"column":6},"end":{"line":213,"column":73}},"83":{"start":{"line":216,"column":4},"end":{"line":216,"column":59}},"84":{"start":{"line":217,"column":4},"end":{"line":220,"column":10}},"85":{"start":{"line":218,"column":27},"end":{"line":218,"column":57}},"86":{"start":{"line":219,"column":6},"end":{"line":219,"column":64}},"87":{"start":{"line":222,"column":4},"end":{"line":222,"column":30}},"88":{"start":{"line":223,"column":4},"end":{"line":227,"column":6}},"89":{"start":{"line":234,"column":20},"end":{"line":248,"column":1}},"90":{"start":{"line":235,"column":2},"end":{"line":247,"column":3}},"91":{"start":{"line":236,"column":17},"end":{"line":238,"column":13}},"92":{"start":{"line":240,"column":4},"end":{"line":242,"column":5}},"93":{"start":{"line":241,"column":6},"end":{"line":241,"column":58}},"94":{"start":{"line":244,"column":4},"end":{"line":244,"column":60}},"95":{"start":{"line":251,"column":30},"end":{"line":281,"column":1}},"96":{"start":{"line":252,"column":2},"end":{"line":280,"column":3}},"97":{"start":{"line":253,"column":17},"end":{"line":253,"column":44}},"98":{"start":{"line":254,"column":4},"end":{"line":256,"column":5}},"99":{"start":{"line":255,"column":6},"end":{"line":255,"column":58}},"100":{"start":{"line":258,"column":25},"end":{"line":258,"column":66}},"101":{"start":{"line":259,"column":4},"end":{"line":261,"column":5}},"102":{"start":{"line":260,"column":6},"end":{"line":260,"column":58}},"103":{"start":{"line":263,"column":25},"end":{"line":265,"column":5}},"104":{"start":{"line":264,"column":19},"end":{"line":264,"column":55}},"105":{"start":{"line":266,"column":4},"end":{"line":268,"column":5}},"106":{"start":{"line":267,"column":6},"end":{"line":267,"column":73}},"107":{"start":{"line":270,"column":4},"end":{"line":270,"column":50}},"108":{"start":{"line":271,"column":4},"end":{"line":274,"column":6}},"109":{"start":{"line":272,"column":26},"end":{"line":272,"column":64}},"110":{"start":{"line":276,"column":4},"end":{"line":276,"column":30}},"111":{"start":{"line":277,"column":4},"end":{"line":277,"column":79}},"112":{"start":{"line":284,"column":31},"end":{"line":307,"column":1}},"113":{"start":{"line":285,"column":2},"end":{"line":306,"column":3}},"114":{"start":{"line":286,"column":17},"end":{"line":286,"column":44}},"115":{"start":{"line":287,"column":4},"end":{"line":289,"column":5}},"116":{"start":{"line":288,"column":6},"end":{"line":288,"column":58}},"117":{"start":{"line":291,"column":25},"end":{"line":291,"column":66}},"118":{"start":{"line":292,"column":4},"end":{"line":294,"column":5}},"119":{"start":{"line":293,"column":6},"end":{"line":293,"column":58}},"120":{"start":{"line":296,"column":4},"end":{"line":296,"column":31}},"121":{"start":{"line":297,"column":4},"end":{"line":297,"column":31}},"122":{"start":{"line":298,"column":4},"end":{"line":298,"column":30}},"123":{"start":{"line":300,"column":4},"end":{"line":303,"column":6}},"124":{"start":{"line":310,"column":19},"end":{"line":332,"column":1}},"125":{"start":{"line":311,"column":2},"end":{"line":331,"column":5}},"126":{"start":{"line":312,"column":4},"end":{"line":330,"column":5}},"127":{"start":{"line":313,"column":24},"end":{"line":315,"column":8}},"128":{"start":{"line":316,"column":6},"end":{"line":321,"column":7}},"129":{"start":{"line":317,"column":8},"end":{"line":320,"column":11}},"130":{"start":{"line":323,"column":6},"end":{"line":323,"column":39}},"131":{"start":{"line":324,"column":6},"end":{"line":327,"column":9}},"132":{"start":{"line":335,"column":19},"end":{"line":348,"column":1}},"133":{"start":{"line":336,"column":2},"end":{"line":347,"column":5}},"134":{"start":{"line":337,"column":4},"end":{"line":346,"column":5}},"135":{"start":{"line":338,"column":22},"end":{"line":338,"column":78}},"136":{"start":{"line":339,"column":6},"end":{"line":343,"column":9}},"137":{"start":{"line":351,"column":23},"end":{"line":372,"column":1}},"138":{"start":{"line":352,"column":2},"end":{"line":371,"column":5}},"139":{"start":{"line":353,"column":4},"end":{"line":370,"column":5}},"140":{"start":{"line":354,"column":19},"end":{"line":356,"column":8}},"141":{"start":{"line":357,"column":6},"end":{"line":362,"column":7}},"142":{"start":{"line":358,"column":8},"end":{"line":361,"column":11}},"143":{"start":{"line":363,"column":6},"end":{"line":367,"column":9}},"144":{"start":{"line":374,"column":0},"end":{"line":386,"column":2}}},"fnMap":{"0":{"name":"(anonymous_0)","decl":{"start":{"line":8,"column":19},"end":{"line":8,"column":20}},"loc":{"start":{"line":8,"column":32},"end":{"line":55,"column":1}},"line":8},"1":{"name":"(anonymous_1)","decl":{"start":{"line":9,"column":21},"end":{"line":9,"column":22}},"loc":{"start":{"line":9,"column":48},"end":{"line":54,"column":3}},"line":9},"2":{"name":"(anonymous_2)","decl":{"start":{"line":58,"column":18},"end":{"line":58,"column":19}},"loc":{"start":{"line":58,"column":33},"end":{"line":102,"column":1}},"line":58},"3":{"name":"(anonymous_3)","decl":{"start":{"line":59,"column":21},"end":{"line":59,"column":22}},"loc":{"start":{"line":59,"column":48},"end":{"line":101,"column":3}},"line":59},"4":{"name":"(anonymous_4)","decl":{"start":{"line":105,"column":19},"end":{"line":105,"column":20}},"loc":{"start":{"line":105,"column":33},"end":{"line":135,"column":1}},"line":105},"5":{"name":"(anonymous_5)","decl":{"start":{"line":106,"column":21},"end":{"line":106,"column":22}},"loc":{"start":{"line":106,"column":48},"end":{"line":134,"column":3}},"line":106},"6":{"name":"(anonymous_6)","decl":{"start":{"line":138,"column":23},"end":{"line":138,"column":24}},"loc":{"start":{"line":138,"column":51},"end":{"line":194,"column":1}},"line":138},"7":{"name":"(anonymous_7)","decl":{"start":{"line":161,"column":8},"end":{"line":161,"column":9}},"loc":{"start":{"line":161,"column":15},"end":{"line":161,"column":63}},"line":161},"8":{"name":"(anonymous_8)","decl":{"start":{"line":171,"column":8},"end":{"line":171,"column":9}},"loc":{"start":{"line":171,"column":22},"end":{"line":171,"column":48}},"line":171},"9":{"name":"(anonymous_9)","decl":{"start":{"line":197,"column":23},"end":{"line":197,"column":24}},"loc":{"start":{"line":197,"column":63},"end":{"line":231,"column":1}},"line":197},"10":{"name":"(anonymous_10)","decl":{"start":{"line":210,"column":6},"end":{"line":210,"column":7}},"loc":{"start":{"line":210,"column":19},"end":{"line":210,"column":55}},"line":210},"11":{"name":"(anonymous_11)","decl":{"start":{"line":217,"column":58},"end":{"line":217,"column":59}},"loc":{"start":{"line":217,"column":78},"end":{"line":220,"column":5}},"line":217},"12":{"name":"(anonymous_12)","decl":{"start":{"line":234,"column":20},"end":{"line":234,"column":21}},"loc":{"start":{"line":234,"column":38},"end":{"line":248,"column":1}},"line":234},"13":{"name":"(anonymous_13)","decl":{"start":{"line":251,"column":30},"end":{"line":251,"column":31}},"loc":{"start":{"line":251,"column":59},"end":{"line":281,"column":1}},"line":251},"14":{"name":"(anonymous_14)","decl":{"start":{"line":264,"column":6},"end":{"line":264,"column":7}},"loc":{"start":{"line":264,"column":19},"end":{"line":264,"column":55}},"line":264},"15":{"name":"(anonymous_15)","decl":{"start":{"line":272,"column":6},"end":{"line":272,"column":7}},"loc":{"start":{"line":272,"column":26},"end":{"line":272,"column":64}},"line":272},"16":{"name":"(anonymous_16)","decl":{"start":{"line":284,"column":31},"end":{"line":284,"column":32}},"loc":{"start":{"line":284,"column":49},"end":{"line":307,"column":1}},"line":284},"17":{"name":"(anonymous_17)","decl":{"start":{"line":310,"column":19},"end":{"line":310,"column":20}},"loc":{"start":{"line":310,"column":27},"end":{"line":332,"column":1}},"line":310},"18":{"name":"(anonymous_18)","decl":{"start":{"line":311,"column":21},"end":{"line":311,"column":22}},"loc":{"start":{"line":311,"column":48},"end":{"line":331,"column":3}},"line":311},"19":{"name":"(anonymous_19)","decl":{"start":{"line":335,"column":19},"end":{"line":335,"column":20}},"loc":{"start":{"line":335,"column":25},"end":{"line":348,"column":1}},"line":335},"20":{"name":"(anonymous_20)","decl":{"start":{"line":336,"column":21},"end":{"line":336,"column":22}},"loc":{"start":{"line":336,"column":48},"end":{"line":347,"column":3}},"line":336},"21":{"name":"(anonymous_21)","decl":{"start":{"line":351,"column":23},"end":{"line":351,"column":24}},"loc":{"start":{"line":351,"column":31},"end":{"line":372,"column":1}},"line":351},"22":{"name":"(anonymous_22)","decl":{"start":{"line":352,"column":21},"end":{"line":352,"column":22}},"loc":{"start":{"line":352,"column":48},"end":{"line":371,"column":3}},"line":352}},"branchMap":{"0":{"loc":{"start":{"line":11,"column":4},"end":{"line":16,"column":5}},"type":"if","locations":[{"start":{"line":11,"column":4},"end":{"line":16,"column":5}},{"start":{},"end":{}}],"line":11},"1":{"loc":{"start":{"line":11,"column":8},"end":{"line":11,"column":66}},"type":"binary-expr","locations":[{"start":{"line":11,"column":8},"end":{"line":11,"column":13}},{"start":{"line":11,"column":17},"end":{"line":11,"column":23}},{"start":{"line":11,"column":27},"end":{"line":11,"column":36}},{"start":{"line":11,"column":40},"end":{"line":11,"column":56}},{"start":{"line":11,"column":60},"end":{"line":11,"column":66}}],"line":11},"2":{"loc":{"start":{"line":17,"column":4},"end":{"line":22,"column":5}},"type":"if","locations":[{"start":{"line":17,"column":4},"end":{"line":22,"column":5}},{"start":{},"end":{}}],"line":17},"3":{"loc":{"start":{"line":27,"column":6},"end":{"line":32,"column":7}},"type":"if","locations":[{"start":{"line":27,"column":6},"end":{"line":32,"column":7}},{"start":{},"end":{}}],"line":27},"4":{"loc":{"start":{"line":41,"column":6},"end":{"line":47,"column":7}},"type":"if","locations":[{"start":{"line":41,"column":6},"end":{"line":47,"column":7}},{"start":{},"end":{}}],"line":41},"5":{"loc":{"start":{"line":66,"column":6},"end":{"line":71,"column":7}},"type":"if","locations":[{"start":{"line":66,"column":6},"end":{"line":71,"column":7}},{"start":{},"end":{}}],"line":66},"6":{"loc":{"start":{"line":74,"column":6},"end":{"line":79,"column":7}},"type":"if","locations":[{"start":{"line":74,"column":6},"end":{"line":79,"column":7}},{"start":{},"end":{}}],"line":74},"7":{"loc":{"start":{"line":112,"column":6},"end":{"line":117,"column":7}},"type":"if","locations":[{"start":{"line":112,"column":6},"end":{"line":117,"column":7}},{"start":{},"end":{}}],"line":112},"8":{"loc":{"start":{"line":112,"column":10},"end":{"line":112,"column":49}},"type":"binary-expr","locations":[{"start":{"line":112,"column":10},"end":{"line":112,"column":15}},{"start":{"line":112,"column":19},"end":{"line":112,"column":49}}],"line":112},"9":{"loc":{"start":{"line":118,"column":6},"end":{"line":123,"column":7}},"type":"if","locations":[{"start":{"line":118,"column":6},"end":{"line":123,"column":7}},{"start":{},"end":{}}],"line":118},"10":{"loc":{"start":{"line":144,"column":4},"end":{"line":146,"column":5}},"type":"if","locations":[{"start":{"line":144,"column":4},"end":{"line":146,"column":5}},{"start":{},"end":{}}],"line":144},"11":{"loc":{"start":{"line":158,"column":4},"end":{"line":190,"column":5}},"type":"if","locations":[{"start":{"line":158,"column":4},"end":{"line":190,"column":5}},{"start":{"line":177,"column":11},"end":{"line":190,"column":5}}],"line":158},"12":{"loc":{"start":{"line":164,"column":6},"end":{"line":168,"column":7}},"type":"if","locations":[{"start":{"line":164,"column":6},"end":{"line":168,"column":7}},{"start":{"line":166,"column":13},"end":{"line":168,"column":7}}],"line":164},"13":{"loc":{"start":{"line":200,"column":4},"end":{"line":202,"column":5}},"type":"if","locations":[{"start":{"line":200,"column":4},"end":{"line":202,"column":5}},{"start":{},"end":{}}],"line":200},"14":{"loc":{"start":{"line":205,"column":4},"end":{"line":207,"column":5}},"type":"if","locations":[{"start":{"line":205,"column":4},"end":{"line":207,"column":5}},{"start":{},"end":{}}],"line":205},"15":{"loc":{"start":{"line":212,"column":4},"end":{"line":214,"column":5}},"type":"if","locations":[{"start":{"line":212,"column":4},"end":{"line":214,"column":5}},{"start":{},"end":{}}],"line":212},"16":{"loc":{"start":{"line":219,"column":13},"end":{"line":219,"column":63}},"type":"cond-expr","locations":[{"start":{"line":219,"column":35},"end":{"line":219,"column":40}},{"start":{"line":219,"column":43},"end":{"line":219,"column":63}}],"line":219},"17":{"loc":{"start":{"line":240,"column":4},"end":{"line":242,"column":5}},"type":"if","locations":[{"start":{"line":240,"column":4},"end":{"line":242,"column":5}},{"start":{},"end":{}}],"line":240},"18":{"loc":{"start":{"line":254,"column":4},"end":{"line":256,"column":5}},"type":"if","locations":[{"start":{"line":254,"column":4},"end":{"line":256,"column":5}},{"start":{},"end":{}}],"line":254},"19":{"loc":{"start":{"line":259,"column":4},"end":{"line":261,"column":5}},"type":"if","locations":[{"start":{"line":259,"column":4},"end":{"line":261,"column":5}},{"start":{},"end":{}}],"line":259},"20":{"loc":{"start":{"line":266,"column":4},"end":{"line":268,"column":5}},"type":"if","locations":[{"start":{"line":266,"column":4},"end":{"line":268,"column":5}},{"start":{},"end":{}}],"line":266},"21":{"loc":{"start":{"line":287,"column":4},"end":{"line":289,"column":5}},"type":"if","locations":[{"start":{"line":287,"column":4},"end":{"line":289,"column":5}},{"start":{},"end":{}}],"line":287},"22":{"loc":{"start":{"line":292,"column":4},"end":{"line":294,"column":5}},"type":"if","locations":[{"start":{"line":292,"column":4},"end":{"line":294,"column":5}},{"start":{},"end":{}}],"line":292},"23":{"loc":{"start":{"line":316,"column":6},"end":{"line":321,"column":7}},"type":"if","locations":[{"start":{"line":316,"column":6},"end":{"line":321,"column":7}},{"start":{},"end":{}}],"line":316},"24":{"loc":{"start":{"line":357,"column":6},"end":{"line":362,"column":7}},"type":"if","locations":[{"start":{"line":357,"column":6},"end":{"line":362,"column":7}},{"start":{},"end":{}}],"line":357}},"s":{"0":2,"1":2,"2":2,"3":2,"4":2,"5":2,"6":8,"7":8,"8":8,"9":3,"10":8,"11":3,"12":8,"13":8,"14":8,"15":4,"16":8,"17":8,"18":3,"19":3,"20":5,"21":5,"22":2,"23":6,"24":6,"25":6,"26":6,"27":6,"28":6,"29":1,"30":6,"31":5,"32":5,"33":1,"34":5,"35":5,"36":5,"37":1,"38":2,"39":3,"40":3,"41":3,"42":3,"43":1,"44":3,"45":1,"46":3,"47":2,"48":2,"49":7,"50":7,"51":7,"52":7,"53":1,"54":6,"55":6,"56":6,"57":5,"58":3,"59":5,"60":3,"61":2,"62":5,"63":5,"64":5,"65":5,"66":1,"67":1,"68":1,"69":1,"70":1,"71":2,"72":3,"73":3,"74":3,"75":1,"76":2,"77":2,"78":0,"79":2,"80":2,"81":2,"82":1,"83":1,"84":1,"85":1,"86":1,"87":1,"88":1,"89":2,"90":2,"91":2,"92":2,"93":1,"94":1,"95":2,"96":3,"97":3,"98":3,"99":1,"100":2,"101":2,"102":0,"103":2,"104":2,"105":2,"106":1,"107":1,"108":1,"109":0,"110":1,"111":1,"112":2,"113":2,"114":2,"115":2,"116":1,"117":1,"118":1,"119":0,"120":1,"121":1,"122":1,"123":1,"124":2,"125":2,"126":2,"127":2,"128":2,"129":1,"130":2,"131":2,"132":2,"133":1,"134":1,"135":1,"136":1,"137":2,"138":2,"139":2,"140":2,"141":2,"142":1,"143":2,"144":2},"f":{"0":8,"1":8,"2":6,"3":6,"4":3,"5":3,"6":7,"7":3,"8":5,"9":3,"10":2,"11":1,"12":2,"13":3,"14":2,"15":0,"16":2,"17":2,"18":2,"19":1,"20":1,"21":2,"22":2},"b":{"0":[3,5],"1":[8,8,7,5,5],"2":[3,5],"3":[4,4],"4":[3,0],"5":[1,5],"6":[1,4],"7":[1,2],"8":[3,3],"9":[1,2],"10":[1,6],"11":[5,1],"12":[3,2],"13":[1,2],"14":[0,2],"15":[1,1],"16":[0,1],"17":[1,1],"18":[1,2],"19":[0,2],"20":[1,1],"21":[1,1],"22":[0,1],"23":[1,1],"24":[1,1]},"_coverageSchema":"1a1c01bbd47fc00a2c39e90264f33305004495a9","hash":"d3b489ac2d9cae333125433a8e60bf7afda2f9bb"}
}
