{"E:\\University\\SE113-KCPM\\TestApp\\Laptech_Backend\\src\\models\\CartModel.js": {"path":"E:\\University\\SE113-KCPM\\TestApp\\Laptech_Backend\\src\\models\\CartModel.js","statementMap":{"0":{"start":{"line":1,"column":17},"end":{"line":1,"column":36}},"1":{"start":{"line":4,"column":17},"end":{"line":27,"column":1}},"2":{"start":{"line":30,"column":0},"end":{"line":30,"column":52}}},"fnMap":{},"branchMap":{},"s":{"0":1,"1":1,"2":1},"f":{},"b":{},"_coverageSchema":"1a1c01bbd47fc00a2c39e90264f33305004495a9","hash":"2a17d1c02c0a0d324843dc6e3f210d3456331deb"}
,"E:\\University\\SE113-KCPM\\TestApp\\Laptech_Backend\\src\\models\\ProductModel.js": {"path":"E:\\University\\SE113-KCPM\\TestApp\\Laptech_Backend\\src\\models\\ProductModel.js","statementMap":{"0":{"start":{"line":1,"column":17},"end":{"line":1,"column":36}},"1":{"start":{"line":3,"column":22},"end":{"line":26,"column":1}},"2":{"start":{"line":27,"column":16},"end":{"line":27,"column":56}},"3":{"start":{"line":29,"column":0},"end":{"line":29,"column":25}}},"fnMap":{},"branchMap":{},"s":{"0":1,"1":1,"2":1,"3":1},"f":{},"b":{},"_coverageSchema":"1a1c01bbd47fc00a2c39e90264f33305004495a9","hash":"aa693961ac4611aacd64c2c0ca2a15994c25df33"}
,"E:\\University\\SE113-KCPM\\TestApp\\Laptech_Backend\\src\\models\\UserModel.js": {"path":"E:\\University\\SE113-KCPM\\TestApp\\Laptech_Backend\\src\\models\\UserModel.js","statementMap":{"0":{"start":{"line":1,"column":17},"end":{"line":1,"column":36}},"1":{"start":{"line":2,"column":19},"end":{"line":28,"column":1}},"2":{"start":{"line":29,"column":13},"end":{"line":29,"column":47}},"3":{"start":{"line":30,"column":0},"end":{"line":30,"column":22}}},"fnMap":{},"branchMap":{},"s":{"0":1,"1":1,"2":1,"3":1},"f":{},"b":{},"_coverageSchema":"1a1c01bbd47fc00a2c39e90264f33305004495a9","hash":"0dfe4b321666577db0aaa7d61bce53e7430b96a4"}
,"E:\\University\\SE113-KCPM\\TestApp\\Laptech_Backend\\src\\services\\JwtService.js": {"path":"E:\\University\\SE113-KCPM\\TestApp\\Laptech_Backend\\src\\services\\JwtService.js","statementMap":{"0":{"start":{"line":1,"column":12},"end":{"line":1,"column":35}},"1":{"start":{"line":2,"column":15},"end":{"line":2,"column":32}},"2":{"start":{"line":3,"column":0},"end":{"line":3,"column":16}},"3":{"start":{"line":5,"column":28},"end":{"line":15,"column":1}},"4":{"start":{"line":6,"column":23},"end":{"line":12,"column":3}},"5":{"start":{"line":14,"column":2},"end":{"line":14,"column":22}},"6":{"start":{"line":17,"column":29},"end":{"line":27,"column":1}},"7":{"start":{"line":18,"column":24},"end":{"line":24,"column":3}},"8":{"start":{"line":26,"column":2},"end":{"line":26,"column":23}},"9":{"start":{"line":29,"column":31},"end":{"line":54,"column":1}},"10":{"start":{"line":30,"column":2},"end":{"line":53,"column":5}},"11":{"start":{"line":31,"column":4},"end":{"line":52,"column":5}},"12":{"start":{"line":32,"column":6},"end":{"line":49,"column":9}},"13":{"start":{"line":33,"column":8},"end":{"line":39,"column":9}},"14":{"start":{"line":34,"column":10},"end":{"line":34,"column":27}},"15":{"start":{"line":35,"column":10},"end":{"line":38,"column":13}},"16":{"start":{"line":40,"column":29},"end":{"line":43,"column":10}},"17":{"start":{"line":44,"column":8},"end":{"line":48,"column":11}},"18":{"start":{"line":56,"column":0},"end":{"line":60,"column":2}}},"fnMap":{"0":{"name":"(anonymous_0)","decl":{"start":{"line":5,"column":28},"end":{"line":5,"column":29}},"loc":{"start":{"line":5,"column":47},"end":{"line":15,"column":1}},"line":5},"1":{"name":"(anonymous_1)","decl":{"start":{"line":17,"column":29},"end":{"line":17,"column":30}},"loc":{"start":{"line":17,"column":48},"end":{"line":27,"column":1}},"line":17},"2":{"name":"(anonymous_2)","decl":{"start":{"line":29,"column":31},"end":{"line":29,"column":32}},"loc":{"start":{"line":29,"column":42},"end":{"line":54,"column":1}},"line":29},"3":{"name":"(anonymous_3)","decl":{"start":{"line":30,"column":21},"end":{"line":30,"column":22}},"loc":{"start":{"line":30,"column":42},"end":{"line":53,"column":3}},"line":30},"4":{"name":"(anonymous_4)","decl":{"start":{"line":32,"column":51},"end":{"line":32,"column":52}},"loc":{"start":{"line":32,"column":72},"end":{"line":49,"column":7}},"line":32}},"branchMap":{"0":{"loc":{"start":{"line":33,"column":8},"end":{"line":39,"column":9}},"type":"if","locations":[{"start":{"line":33,"column":8},"end":{"line":39,"column":9}},{"start":{},"end":{}}],"line":33}},"s":{"0":1,"1":1,"2":1,"3":1,"4":6,"5":6,"6":1,"7":4,"8":4,"9":1,"10":2,"11":2,"12":2,"13":2,"14":1,"15":1,"16":2,"17":2,"18":1},"f":{"0":6,"1":4,"2":2,"3":2,"4":2},"b":{"0":[1,1]},"_coverageSchema":"1a1c01bbd47fc00a2c39e90264f33305004495a9","hash":"3bf985bb4f2968ee3d6266cec7ac89123ccab7f3"}
,"E:\\University\\SE113-KCPM\\TestApp\\Laptech_Backend\\src\\services\\UserService.js": {"path":"E:\\University\\SE113-KCPM\\TestApp\\Laptech_Backend\\src\\services\\UserService.js","statementMap":{"0":{"start":{"line":1,"column":13},"end":{"line":1,"column":43}},"1":{"start":{"line":2,"column":16},"end":{"line":2,"column":49}},"2":{"start":{"line":3,"column":13},"end":{"line":3,"column":43}},"3":{"start":{"line":4,"column":15},"end":{"line":4,"column":32}},"4":{"start":{"line":5,"column":54},"end":{"line":5,"column":77}},"5":{"start":{"line":8,"column":19},"end":{"line":55,"column":1}},"6":{"start":{"line":9,"column":2},"end":{"line":54,"column":5}},"7":{"start":{"line":10,"column":71},"end":{"line":10,"column":78}},"8":{"start":{"line":11,"column":4},"end":{"line":16,"column":5}},"9":{"start":{"line":12,"column":6},"end":{"line":15,"column":9}},"10":{"start":{"line":17,"column":4},"end":{"line":22,"column":5}},"11":{"start":{"line":18,"column":6},"end":{"line":21,"column":9}},"12":{"start":{"line":23,"column":4},"end":{"line":53,"column":5}},"13":{"start":{"line":24,"column":24},"end":{"line":26,"column":8}},"14":{"start":{"line":27,"column":6},"end":{"line":32,"column":7}},"15":{"start":{"line":28,"column":8},"end":{"line":31,"column":11}},"16":{"start":{"line":33,"column":19},"end":{"line":33,"column":48}},"17":{"start":{"line":34,"column":26},"end":{"line":40,"column":8}},"18":{"start":{"line":41,"column":6},"end":{"line":47,"column":7}},"19":{"start":{"line":42,"column":8},"end":{"line":46,"column":11}},"20":{"start":{"line":49,"column":6},"end":{"line":49,"column":16}},"21":{"start":{"line":50,"column":6},"end":{"line":52,"column":9}},"22":{"start":{"line":58,"column":18},"end":{"line":102,"column":1}},"23":{"start":{"line":59,"column":2},"end":{"line":101,"column":5}},"24":{"start":{"line":60,"column":32},"end":{"line":60,"column":41}},"25":{"start":{"line":61,"column":4},"end":{"line":61,"column":40}},"26":{"start":{"line":62,"column":4},"end":{"line":100,"column":5}},"27":{"start":{"line":63,"column":24},"end":{"line":65,"column":8}},"28":{"start":{"line":66,"column":6},"end":{"line":71,"column":7}},"29":{"start":{"line":67,"column":8},"end":{"line":70,"column":11}},"30":{"start":{"line":72,"column":30},"end":{"line":72,"column":78}},"31":{"start":{"line":73,"column":6},"end":{"line":73,"column":54}},"32":{"start":{"line":74,"column":6},"end":{"line":79,"column":7}},"33":{"start":{"line":75,"column":8},"end":{"line":78,"column":11}},"34":{"start":{"line":81,"column":27},"end":{"line":84,"column":8}},"35":{"start":{"line":86,"column":28},"end":{"line":89,"column":8}},"36":{"start":{"line":91,"column":6},"end":{"line":97,"column":9}},"37":{"start":{"line":99,"column":6},"end":{"line":99,"column":16}},"38":{"start":{"line":105,"column":19},"end":{"line":128,"column":1}},"39":{"start":{"line":106,"column":2},"end":{"line":127,"column":5}},"40":{"start":{"line":107,"column":4},"end":{"line":126,"column":5}},"41":{"start":{"line":108,"column":24},"end":{"line":110,"column":8}},"42":{"start":{"line":111,"column":6},"end":{"line":116,"column":7}},"43":{"start":{"line":112,"column":8},"end":{"line":115,"column":11}},"44":{"start":{"line":118,"column":26},"end":{"line":118,"column":79}},"45":{"start":{"line":119,"column":6},"end":{"line":123,"column":9}},"46":{"start":{"line":131,"column":23},"end":{"line":187,"column":1}},"47":{"start":{"line":132,"column":2},"end":{"line":186,"column":3}},"48":{"start":{"line":133,"column":17},"end":{"line":133,"column":44}},"49":{"start":{"line":136,"column":25},"end":{"line":136,"column":61}},"50":{"start":{"line":137,"column":4},"end":{"line":139,"column":5}},"51":{"start":{"line":138,"column":6},"end":{"line":138,"column":61}},"52":{"start":{"line":142,"column":23},"end":{"line":142,"column":64}},"53":{"start":{"line":143,"column":20},"end":{"line":149,"column":5}},"54":{"start":{"line":151,"column":4},"end":{"line":183,"column":5}},"55":{"start":{"line":153,"column":27},"end":{"line":155,"column":7}},"56":{"start":{"line":154,"column":15},"end":{"line":154,"column":63}},"57":{"start":{"line":157,"column":6},"end":{"line":161,"column":7}},"58":{"start":{"line":158,"column":8},"end":{"line":158,"column":70}},"59":{"start":{"line":160,"column":8},"end":{"line":160,"column":44}},"60":{"start":{"line":163,"column":6},"end":{"line":166,"column":8}},"61":{"start":{"line":164,"column":22},"end":{"line":164,"column":48}},"62":{"start":{"line":168,"column":6},"end":{"line":168,"column":32}},"63":{"start":{"line":169,"column":6},"end":{"line":169,"column":70}},"64":{"start":{"line":172,"column":22},"end":{"line":176,"column":8}},"65":{"start":{"line":178,"column":6},"end":{"line":178,"column":27}},"66":{"start":{"line":179,"column":6},"end":{"line":179,"column":30}},"67":{"start":{"line":180,"column":6},"end":{"line":180,"column":24}},"68":{"start":{"line":182,"column":6},"end":{"line":182,"column":65}},"69":{"start":{"line":190,"column":23},"end":{"line":224,"column":1}},"70":{"start":{"line":191,"column":2},"end":{"line":223,"column":3}},"71":{"start":{"line":192,"column":17},"end":{"line":192,"column":44}},"72":{"start":{"line":193,"column":4},"end":{"line":195,"column":5}},"73":{"start":{"line":194,"column":6},"end":{"line":194,"column":58}},"74":{"start":{"line":197,"column":25},"end":{"line":197,"column":66}},"75":{"start":{"line":198,"column":4},"end":{"line":200,"column":5}},"76":{"start":{"line":199,"column":6},"end":{"line":199,"column":58}},"77":{"start":{"line":202,"column":25},"end":{"line":204,"column":5}},"78":{"start":{"line":203,"column":19},"end":{"line":203,"column":55}},"79":{"start":{"line":205,"column":4},"end":{"line":207,"column":5}},"80":{"start":{"line":206,"column":6},"end":{"line":206,"column":73}},"81":{"start":{"line":209,"column":4},"end":{"line":209,"column":59}},"82":{"start":{"line":210,"column":4},"end":{"line":213,"column":10}},"83":{"start":{"line":211,"column":27},"end":{"line":211,"column":57}},"84":{"start":{"line":212,"column":6},"end":{"line":212,"column":64}},"85":{"start":{"line":215,"column":4},"end":{"line":215,"column":30}},"86":{"start":{"line":216,"column":4},"end":{"line":220,"column":6}},"87":{"start":{"line":227,"column":20},"end":{"line":241,"column":1}},"88":{"start":{"line":228,"column":2},"end":{"line":240,"column":3}},"89":{"start":{"line":229,"column":17},"end":{"line":231,"column":13}},"90":{"start":{"line":233,"column":4},"end":{"line":235,"column":5}},"91":{"start":{"line":234,"column":6},"end":{"line":234,"column":58}},"92":{"start":{"line":237,"column":4},"end":{"line":237,"column":60}},"93":{"start":{"line":244,"column":30},"end":{"line":274,"column":1}},"94":{"start":{"line":245,"column":2},"end":{"line":273,"column":3}},"95":{"start":{"line":246,"column":17},"end":{"line":246,"column":44}},"96":{"start":{"line":247,"column":4},"end":{"line":249,"column":5}},"97":{"start":{"line":248,"column":6},"end":{"line":248,"column":58}},"98":{"start":{"line":251,"column":25},"end":{"line":251,"column":66}},"99":{"start":{"line":252,"column":4},"end":{"line":254,"column":5}},"100":{"start":{"line":253,"column":6},"end":{"line":253,"column":58}},"101":{"start":{"line":256,"column":25},"end":{"line":258,"column":5}},"102":{"start":{"line":257,"column":19},"end":{"line":257,"column":55}},"103":{"start":{"line":259,"column":4},"end":{"line":261,"column":5}},"104":{"start":{"line":260,"column":6},"end":{"line":260,"column":73}},"105":{"start":{"line":263,"column":4},"end":{"line":263,"column":50}},"106":{"start":{"line":264,"column":4},"end":{"line":267,"column":6}},"107":{"start":{"line":265,"column":26},"end":{"line":265,"column":64}},"108":{"start":{"line":269,"column":4},"end":{"line":269,"column":30}},"109":{"start":{"line":270,"column":4},"end":{"line":270,"column":79}},"110":{"start":{"line":277,"column":31},"end":{"line":300,"column":1}},"111":{"start":{"line":278,"column":2},"end":{"line":299,"column":3}},"112":{"start":{"line":279,"column":17},"end":{"line":279,"column":44}},"113":{"start":{"line":280,"column":4},"end":{"line":282,"column":5}},"114":{"start":{"line":281,"column":6},"end":{"line":281,"column":58}},"115":{"start":{"line":284,"column":25},"end":{"line":284,"column":66}},"116":{"start":{"line":285,"column":4},"end":{"line":287,"column":5}},"117":{"start":{"line":286,"column":6},"end":{"line":286,"column":58}},"118":{"start":{"line":289,"column":4},"end":{"line":289,"column":31}},"119":{"start":{"line":290,"column":4},"end":{"line":290,"column":31}},"120":{"start":{"line":291,"column":4},"end":{"line":291,"column":30}},"121":{"start":{"line":293,"column":4},"end":{"line":296,"column":6}},"122":{"start":{"line":303,"column":19},"end":{"line":325,"column":1}},"123":{"start":{"line":304,"column":2},"end":{"line":324,"column":5}},"124":{"start":{"line":305,"column":4},"end":{"line":323,"column":5}},"125":{"start":{"line":306,"column":24},"end":{"line":308,"column":8}},"126":{"start":{"line":309,"column":6},"end":{"line":314,"column":7}},"127":{"start":{"line":310,"column":8},"end":{"line":313,"column":11}},"128":{"start":{"line":316,"column":6},"end":{"line":316,"column":39}},"129":{"start":{"line":317,"column":6},"end":{"line":320,"column":9}},"130":{"start":{"line":328,"column":19},"end":{"line":341,"column":1}},"131":{"start":{"line":329,"column":2},"end":{"line":340,"column":5}},"132":{"start":{"line":330,"column":4},"end":{"line":339,"column":5}},"133":{"start":{"line":331,"column":22},"end":{"line":331,"column":78}},"134":{"start":{"line":332,"column":6},"end":{"line":336,"column":9}},"135":{"start":{"line":344,"column":23},"end":{"line":365,"column":1}},"136":{"start":{"line":345,"column":2},"end":{"line":364,"column":5}},"137":{"start":{"line":346,"column":4},"end":{"line":363,"column":5}},"138":{"start":{"line":347,"column":19},"end":{"line":349,"column":8}},"139":{"start":{"line":350,"column":6},"end":{"line":355,"column":7}},"140":{"start":{"line":351,"column":8},"end":{"line":354,"column":11}},"141":{"start":{"line":356,"column":6},"end":{"line":360,"column":9}},"142":{"start":{"line":367,"column":0},"end":{"line":379,"column":2}}},"fnMap":{"0":{"name":"(anonymous_0)","decl":{"start":{"line":8,"column":19},"end":{"line":8,"column":20}},"loc":{"start":{"line":8,"column":32},"end":{"line":55,"column":1}},"line":8},"1":{"name":"(anonymous_1)","decl":{"start":{"line":9,"column":21},"end":{"line":9,"column":22}},"loc":{"start":{"line":9,"column":48},"end":{"line":54,"column":3}},"line":9},"2":{"name":"(anonymous_2)","decl":{"start":{"line":58,"column":18},"end":{"line":58,"column":19}},"loc":{"start":{"line":58,"column":33},"end":{"line":102,"column":1}},"line":58},"3":{"name":"(anonymous_3)","decl":{"start":{"line":59,"column":21},"end":{"line":59,"column":22}},"loc":{"start":{"line":59,"column":48},"end":{"line":101,"column":3}},"line":59},"4":{"name":"(anonymous_4)","decl":{"start":{"line":105,"column":19},"end":{"line":105,"column":20}},"loc":{"start":{"line":105,"column":33},"end":{"line":128,"column":1}},"line":105},"5":{"name":"(anonymous_5)","decl":{"start":{"line":106,"column":21},"end":{"line":106,"column":22}},"loc":{"start":{"line":106,"column":48},"end":{"line":127,"column":3}},"line":106},"6":{"name":"(anonymous_6)","decl":{"start":{"line":131,"column":23},"end":{"line":131,"column":24}},"loc":{"start":{"line":131,"column":51},"end":{"line":187,"column":1}},"line":131},"7":{"name":"(anonymous_7)","decl":{"start":{"line":154,"column":8},"end":{"line":154,"column":9}},"loc":{"start":{"line":154,"column":15},"end":{"line":154,"column":63}},"line":154},"8":{"name":"(anonymous_8)","decl":{"start":{"line":164,"column":8},"end":{"line":164,"column":9}},"loc":{"start":{"line":164,"column":22},"end":{"line":164,"column":48}},"line":164},"9":{"name":"(anonymous_9)","decl":{"start":{"line":190,"column":23},"end":{"line":190,"column":24}},"loc":{"start":{"line":190,"column":63},"end":{"line":224,"column":1}},"line":190},"10":{"name":"(anonymous_10)","decl":{"start":{"line":203,"column":6},"end":{"line":203,"column":7}},"loc":{"start":{"line":203,"column":19},"end":{"line":203,"column":55}},"line":203},"11":{"name":"(anonymous_11)","decl":{"start":{"line":210,"column":58},"end":{"line":210,"column":59}},"loc":{"start":{"line":210,"column":78},"end":{"line":213,"column":5}},"line":210},"12":{"name":"(anonymous_12)","decl":{"start":{"line":227,"column":20},"end":{"line":227,"column":21}},"loc":{"start":{"line":227,"column":38},"end":{"line":241,"column":1}},"line":227},"13":{"name":"(anonymous_13)","decl":{"start":{"line":244,"column":30},"end":{"line":244,"column":31}},"loc":{"start":{"line":244,"column":59},"end":{"line":274,"column":1}},"line":244},"14":{"name":"(anonymous_14)","decl":{"start":{"line":257,"column":6},"end":{"line":257,"column":7}},"loc":{"start":{"line":257,"column":19},"end":{"line":257,"column":55}},"line":257},"15":{"name":"(anonymous_15)","decl":{"start":{"line":265,"column":6},"end":{"line":265,"column":7}},"loc":{"start":{"line":265,"column":26},"end":{"line":265,"column":64}},"line":265},"16":{"name":"(anonymous_16)","decl":{"start":{"line":277,"column":31},"end":{"line":277,"column":32}},"loc":{"start":{"line":277,"column":49},"end":{"line":300,"column":1}},"line":277},"17":{"name":"(anonymous_17)","decl":{"start":{"line":303,"column":19},"end":{"line":303,"column":20}},"loc":{"start":{"line":303,"column":27},"end":{"line":325,"column":1}},"line":303},"18":{"name":"(anonymous_18)","decl":{"start":{"line":304,"column":21},"end":{"line":304,"column":22}},"loc":{"start":{"line":304,"column":48},"end":{"line":324,"column":3}},"line":304},"19":{"name":"(anonymous_19)","decl":{"start":{"line":328,"column":19},"end":{"line":328,"column":20}},"loc":{"start":{"line":328,"column":25},"end":{"line":341,"column":1}},"line":328},"20":{"name":"(anonymous_20)","decl":{"start":{"line":329,"column":21},"end":{"line":329,"column":22}},"loc":{"start":{"line":329,"column":48},"end":{"line":340,"column":3}},"line":329},"21":{"name":"(anonymous_21)","decl":{"start":{"line":344,"column":23},"end":{"line":344,"column":24}},"loc":{"start":{"line":344,"column":31},"end":{"line":365,"column":1}},"line":344},"22":{"name":"(anonymous_22)","decl":{"start":{"line":345,"column":21},"end":{"line":345,"column":22}},"loc":{"start":{"line":345,"column":48},"end":{"line":364,"column":3}},"line":345}},"branchMap":{"0":{"loc":{"start":{"line":11,"column":4},"end":{"line":16,"column":5}},"type":"if","locations":[{"start":{"line":11,"column":4},"end":{"line":16,"column":5}},{"start":{},"end":{}}],"line":11},"1":{"loc":{"start":{"line":11,"column":8},"end":{"line":11,"column":66}},"type":"binary-expr","locations":[{"start":{"line":11,"column":8},"end":{"line":11,"column":13}},{"start":{"line":11,"column":17},"end":{"line":11,"column":23}},{"start":{"line":11,"column":27},"end":{"line":11,"column":36}},{"start":{"line":11,"column":40},"end":{"line":11,"column":56}},{"start":{"line":11,"column":60},"end":{"line":11,"column":66}}],"line":11},"2":{"loc":{"start":{"line":17,"column":4},"end":{"line":22,"column":5}},"type":"if","locations":[{"start":{"line":17,"column":4},"end":{"line":22,"column":5}},{"start":{},"end":{}}],"line":17},"3":{"loc":{"start":{"line":27,"column":6},"end":{"line":32,"column":7}},"type":"if","locations":[{"start":{"line":27,"column":6},"end":{"line":32,"column":7}},{"start":{},"end":{}}],"line":27},"4":{"loc":{"start":{"line":41,"column":6},"end":{"line":47,"column":7}},"type":"if","locations":[{"start":{"line":41,"column":6},"end":{"line":47,"column":7}},{"start":{},"end":{}}],"line":41},"5":{"loc":{"start":{"line":66,"column":6},"end":{"line":71,"column":7}},"type":"if","locations":[{"start":{"line":66,"column":6},"end":{"line":71,"column":7}},{"start":{},"end":{}}],"line":66},"6":{"loc":{"start":{"line":74,"column":6},"end":{"line":79,"column":7}},"type":"if","locations":[{"start":{"line":74,"column":6},"end":{"line":79,"column":7}},{"start":{},"end":{}}],"line":74},"7":{"loc":{"start":{"line":111,"column":6},"end":{"line":116,"column":7}},"type":"if","locations":[{"start":{"line":111,"column":6},"end":{"line":116,"column":7}},{"start":{},"end":{}}],"line":111},"8":{"loc":{"start":{"line":137,"column":4},"end":{"line":139,"column":5}},"type":"if","locations":[{"start":{"line":137,"column":4},"end":{"line":139,"column":5}},{"start":{},"end":{}}],"line":137},"9":{"loc":{"start":{"line":151,"column":4},"end":{"line":183,"column":5}},"type":"if","locations":[{"start":{"line":151,"column":4},"end":{"line":183,"column":5}},{"start":{"line":170,"column":11},"end":{"line":183,"column":5}}],"line":151},"10":{"loc":{"start":{"line":157,"column":6},"end":{"line":161,"column":7}},"type":"if","locations":[{"start":{"line":157,"column":6},"end":{"line":161,"column":7}},{"start":{"line":159,"column":13},"end":{"line":161,"column":7}}],"line":157},"11":{"loc":{"start":{"line":193,"column":4},"end":{"line":195,"column":5}},"type":"if","locations":[{"start":{"line":193,"column":4},"end":{"line":195,"column":5}},{"start":{},"end":{}}],"line":193},"12":{"loc":{"start":{"line":198,"column":4},"end":{"line":200,"column":5}},"type":"if","locations":[{"start":{"line":198,"column":4},"end":{"line":200,"column":5}},{"start":{},"end":{}}],"line":198},"13":{"loc":{"start":{"line":205,"column":4},"end":{"line":207,"column":5}},"type":"if","locations":[{"start":{"line":205,"column":4},"end":{"line":207,"column":5}},{"start":{},"end":{}}],"line":205},"14":{"loc":{"start":{"line":212,"column":13},"end":{"line":212,"column":63}},"type":"cond-expr","locations":[{"start":{"line":212,"column":35},"end":{"line":212,"column":40}},{"start":{"line":212,"column":43},"end":{"line":212,"column":63}}],"line":212},"15":{"loc":{"start":{"line":233,"column":4},"end":{"line":235,"column":5}},"type":"if","locations":[{"start":{"line":233,"column":4},"end":{"line":235,"column":5}},{"start":{},"end":{}}],"line":233},"16":{"loc":{"start":{"line":247,"column":4},"end":{"line":249,"column":5}},"type":"if","locations":[{"start":{"line":247,"column":4},"end":{"line":249,"column":5}},{"start":{},"end":{}}],"line":247},"17":{"loc":{"start":{"line":252,"column":4},"end":{"line":254,"column":5}},"type":"if","locations":[{"start":{"line":252,"column":4},"end":{"line":254,"column":5}},{"start":{},"end":{}}],"line":252},"18":{"loc":{"start":{"line":259,"column":4},"end":{"line":261,"column":5}},"type":"if","locations":[{"start":{"line":259,"column":4},"end":{"line":261,"column":5}},{"start":{},"end":{}}],"line":259},"19":{"loc":{"start":{"line":280,"column":4},"end":{"line":282,"column":5}},"type":"if","locations":[{"start":{"line":280,"column":4},"end":{"line":282,"column":5}},{"start":{},"end":{}}],"line":280},"20":{"loc":{"start":{"line":285,"column":4},"end":{"line":287,"column":5}},"type":"if","locations":[{"start":{"line":285,"column":4},"end":{"line":287,"column":5}},{"start":{},"end":{}}],"line":285},"21":{"loc":{"start":{"line":309,"column":6},"end":{"line":314,"column":7}},"type":"if","locations":[{"start":{"line":309,"column":6},"end":{"line":314,"column":7}},{"start":{},"end":{}}],"line":309},"22":{"loc":{"start":{"line":350,"column":6},"end":{"line":355,"column":7}},"type":"if","locations":[{"start":{"line":350,"column":6},"end":{"line":355,"column":7}},{"start":{},"end":{}}],"line":350}},"s":{"0":1,"1":1,"2":1,"3":1,"4":1,"5":1,"6":8,"7":8,"8":8,"9":3,"10":8,"11":3,"12":8,"13":8,"14":8,"15":4,"16":8,"17":8,"18":3,"19":3,"20":5,"21":5,"22":1,"23":5,"24":5,"25":5,"26":5,"27":5,"28":5,"29":1,"30":5,"31":4,"32":4,"33":1,"34":4,"35":4,"36":4,"37":1,"38":1,"39":2,"40":2,"41":2,"42":2,"43":1,"44":2,"45":2,"46":1,"47":7,"48":7,"49":7,"50":7,"51":1,"52":6,"53":6,"54":6,"55":5,"56":3,"57":5,"58":3,"59":2,"60":5,"61":5,"62":5,"63":5,"64":1,"65":1,"66":1,"67":1,"68":1,"69":1,"70":3,"71":3,"72":3,"73":1,"74":2,"75":2,"76":0,"77":2,"78":2,"79":2,"80":1,"81":1,"82":1,"83":1,"84":1,"85":1,"86":1,"87":1,"88":2,"89":2,"90":2,"91":1,"92":1,"93":1,"94":3,"95":3,"96":3,"97":1,"98":2,"99":2,"100":0,"101":2,"102":2,"103":2,"104":1,"105":1,"106":1,"107":0,"108":1,"109":1,"110":1,"111":2,"112":2,"113":2,"114":1,"115":1,"116":1,"117":0,"118":1,"119":1,"120":1,"121":1,"122":1,"123":2,"124":2,"125":2,"126":2,"127":1,"128":2,"129":2,"130":1,"131":1,"132":1,"133":1,"134":1,"135":1,"136":2,"137":2,"138":2,"139":2,"140":1,"141":2,"142":1},"f":{"0":8,"1":8,"2":5,"3":5,"4":2,"5":2,"6":7,"7":3,"8":5,"9":3,"10":2,"11":1,"12":2,"13":3,"14":2,"15":0,"16":2,"17":2,"18":2,"19":1,"20":1,"21":2,"22":2},"b":{"0":[3,5],"1":[8,8,7,5,5],"2":[3,5],"3":[4,4],"4":[3,0],"5":[1,4],"6":[1,3],"7":[1,1],"8":[1,6],"9":[5,1],"10":[3,2],"11":[1,2],"12":[0,2],"13":[1,1],"14":[0,1],"15":[1,1],"16":[1,2],"17":[0,2],"18":[1,1],"19":[1,1],"20":[0,1],"21":[1,1],"22":[1,1]},"_coverageSchema":"1a1c01bbd47fc00a2c39e90264f33305004495a9","hash":"368f29aede422693961f53489d675ec312d3f757"}
}
