TN:
SF:src\models\CartModel.js
FNF:0
FNH:0
DA:1,2
DA:4,2
DA:30,2
LF:3
LH:3
BRF:0
BRH:0
end_of_record
TN:
SF:src\models\CommentAndRating.js
FNF:0
FNH:0
DA:1,1
DA:2,1
DA:3,1
DA:5,1
DA:25,1
DA:29,1
LF:6
LH:6
BRF:0
BRH:0
end_of_record
TN:
SF:src\models\OrderProduct.js
FNF:0
FNH:0
DA:1,1
DA:3,1
DA:40,1
DA:41,1
LF:4
LH:4
BRF:0
BRH:0
end_of_record
TN:
SF:src\models\ProductModel.js
FNF:0
FNH:0
DA:1,3
DA:3,3
DA:27,3
DA:29,3
LF:4
LH:4
BRF:0
BRH:0
end_of_record
TN:
SF:src\models\UserModel.js
FNF:0
FNH:0
DA:1,3
DA:2,3
DA:29,3
DA:30,3
LF:4
LH:4
BRF:0
BRH:0
end_of_record
TN:
SF:src\services\JwtService.js
FN:5,(anonymous_0)
FN:17,(anonymous_1)
FN:29,(anonymous_2)
FN:30,(anonymous_3)
FN:32,(anonymous_4)
FNF:5
FNH:5
FNDA:7,(anonymous_0)
FNDA:5,(anonymous_1)
FNDA:2,(anonymous_2)
FNDA:2,(anonymous_3)
FNDA:2,(anonymous_4)
DA:1,2
DA:2,2
DA:3,2
DA:5,2
DA:6,7
DA:14,7
DA:17,2
DA:18,5
DA:26,5
DA:29,2
DA:30,2
DA:31,2
DA:32,2
DA:33,2
DA:34,1
DA:35,1
DA:40,2
DA:44,2
DA:56,2
LF:19
LH:19
BRDA:33,0,0,1
BRDA:33,0,1,1
BRF:2
BRH:2
end_of_record
TN:
SF:src\services\OrderService.js
FN:5,(anonymous_0)
FN:6,(anonymous_1)
FN:23,(anonymous_2)
FN:64,(anonymous_3)
FN:150,(anonymous_4)
FN:151,(anonymous_5)
FN:182,(anonymous_6)
FN:183,(anonymous_7)
FN:214,(anonymous_8)
FN:215,(anonymous_9)
FN:224,(anonymous_10)
FN:275,(anonymous_11)
FN:276,(anonymous_12)
FN:294,(anonymous_13)
FN:295,(anonymous_14)
FNF:15
FNH:15
FNDA:7,(anonymous_0)
FNDA:7,(anonymous_1)
FNDA:7,(anonymous_2)
FNDA:7,(anonymous_3)
FNDA:3,(anonymous_4)
FNDA:3,(anonymous_5)
FNDA:3,(anonymous_6)
FNDA:3,(anonymous_7)
FNDA:4,(anonymous_8)
FNDA:4,(anonymous_9)
FNDA:1,(anonymous_10)
FNDA:1,(anonymous_11)
FNDA:1,(anonymous_12)
FNDA:3,(anonymous_13)
FNDA:3,(anonymous_14)
DA:1,1
DA:2,1
DA:5,1
DA:6,7
DA:21,7
DA:22,7
DA:23,7
DA:24,7
DA:29,7
DA:42,2
DA:48,7
DA:49,7
DA:56,2
DA:64,7
DA:65,7
DA:78,6
DA:79,2
DA:84,4
DA:103,7
DA:119,5
DA:121,5
DA:130,2
DA:150,1
DA:151,3
DA:152,3
DA:153,3
DA:154,1
DA:159,3
DA:162,2
DA:163,1
DA:169,2
DA:176,1
DA:182,1
DA:183,3
DA:184,3
DA:185,3
DA:186,1
DA:191,3
DA:194,2
DA:195,1
DA:201,2
DA:208,1
DA:214,1
DA:215,4
DA:216,4
DA:217,4
DA:218,4
DA:219,3
DA:224,4
DA:225,1
DA:238,0
DA:239,0
DA:240,0
DA:241,0
DA:247,0
DA:254,4
DA:255,3
DA:257,3
DA:258,0
DA:263,3
DA:269,0
DA:275,1
DA:276,1
DA:277,1
DA:278,1
DA:282,1
DA:288,0
DA:294,1
DA:295,3
DA:296,3
DA:297,3
DA:298,1
DA:303,3
DA:306,2
DA:307,1
DA:313,2
DA:316,2
DA:322,1
DA:327,1
LF:79
LH:71
BRDA:29,0,0,2
BRDA:29,0,1,5
BRDA:30,1,0,7
BRDA:30,1,1,5
BRDA:30,1,2,5
BRDA:30,1,3,5
BRDA:30,1,4,5
BRDA:30,1,5,5
BRDA:30,1,6,5
BRDA:30,1,7,5
BRDA:30,1,8,5
BRDA:30,1,9,5
BRDA:30,1,10,5
BRDA:49,2,0,2
BRDA:49,2,1,5
BRDA:50,3,0,7
BRDA:50,3,1,7
BRDA:50,3,2,5
BRDA:50,3,3,5
BRDA:50,3,4,5
BRDA:78,4,0,2
BRDA:78,4,1,4
BRDA:119,5,0,5
BRDA:119,5,1,0
BRDA:153,6,0,1
BRDA:153,6,1,2
BRDA:162,7,0,1
BRDA:162,7,1,1
BRDA:162,8,0,2
BRDA:162,8,1,2
BRDA:185,9,0,1
BRDA:185,9,1,2
BRDA:194,10,0,1
BRDA:194,10,1,1
BRDA:218,11,0,3
BRDA:218,11,1,1
BRDA:238,12,0,0
BRDA:238,12,1,0
BRDA:240,13,0,0
BRDA:240,13,1,0
BRDA:255,14,0,3
BRDA:255,14,1,3
BRDA:255,14,2,0
BRDA:257,15,0,0
BRDA:257,15,1,3
BRDA:297,16,0,1
BRDA:297,16,1,2
BRDA:306,17,0,1
BRDA:306,17,1,1
BRDA:306,18,0,2
BRDA:306,18,1,1
BRF:51
BRH:44
end_of_record
TN:
SF:src\services\ProductService.js
FN:5,(anonymous_0)
FN:6,(anonymous_1)
FN:56,(anonymous_2)
FN:57,(anonymous_3)
FN:100,(anonymous_4)
FN:101,(anonymous_5)
FN:132,(anonymous_6)
FN:133,(anonymous_7)
FN:157,(anonymous_8)
FN:158,(anonymous_9)
FN:222,(anonymous_10)
FN:223,(anonymous_11)
FN:238,(anonymous_12)
FN:239,(anonymous_13)
FNF:14
FNH:14
FNDA:4,(anonymous_0)
FNDA:4,(anonymous_1)
FNDA:7,(anonymous_2)
FNDA:7,(anonymous_3)
FNDA:3,(anonymous_4)
FNDA:3,(anonymous_5)
FNDA:2,(anonymous_6)
FNDA:2,(anonymous_7)
FNDA:2,(anonymous_8)
FNDA:2,(anonymous_9)
FNDA:1,(anonymous_10)
FNDA:1,(anonymous_11)
FNDA:1,(anonymous_12)
FNDA:1,(anonymous_13)
DA:1,1
DA:2,1
DA:5,1
DA:6,4
DA:8,4
DA:9,4
DA:18,1
DA:23,4
DA:24,4
DA:27,4
DA:28,1
DA:33,4
DA:42,2
DA:43,2
DA:50,2
DA:56,1
DA:57,7
DA:58,7
DA:59,7
DA:63,7
DA:64,7
DA:73,6
DA:78,7
DA:79,0
DA:85,7
DA:88,7
DA:94,0
DA:100,1
DA:101,3
DA:102,3
DA:103,3
DA:104,1
DA:109,3
DA:113,2
DA:114,1
DA:120,2
DA:121,2
DA:126,1
DA:132,1
DA:133,2
DA:134,2
DA:135,2
DA:138,2
DA:139,1
DA:145,2
DA:157,1
DA:158,2
DA:159,2
DA:160,2
DA:161,2
DA:196,2
DA:197,0
DA:202,2
DA:207,2
DA:222,1
DA:223,1
DA:224,1
DA:225,1
DA:226,1
DA:232,0
DA:238,1
DA:239,1
DA:240,1
DA:241,1
DA:246,1
DA:252,0
DA:257,1
LF:67
LH:62
BRDA:9,0,0,1
BRDA:9,0,1,3
BRDA:10,1,0,4
BRDA:10,1,1,3
BRDA:10,1,2,3
BRDA:10,1,3,3
BRDA:10,1,4,3
BRDA:10,1,5,3
BRDA:10,1,6,3
BRDA:27,2,0,1
BRDA:27,2,1,3
BRDA:42,3,0,2
BRDA:42,3,1,0
BRDA:64,4,0,6
BRDA:64,4,1,1
BRDA:65,5,0,7
BRDA:65,5,1,6
BRDA:65,5,2,5
BRDA:65,5,3,4
BRDA:65,5,4,3
BRDA:65,5,5,3
BRDA:65,5,6,2
BRDA:78,6,0,0
BRDA:78,6,1,7
BRDA:103,7,0,1
BRDA:103,7,1,2
BRDA:113,8,0,1
BRDA:113,8,1,1
BRDA:138,9,0,1
BRDA:138,9,1,1
BRDA:196,10,0,0
BRDA:196,10,1,2
BRF:32
BRH:29
end_of_record
TN:
SF:src\services\UserService.js
FN:8,(anonymous_0)
FN:9,(anonymous_1)
FN:58,(anonymous_2)
FN:59,(anonymous_3)
FN:105,(anonymous_4)
FN:106,(anonymous_5)
FN:138,(anonymous_6)
FN:161,(anonymous_7)
FN:171,(anonymous_8)
FN:197,(anonymous_9)
FN:210,(anonymous_10)
FN:217,(anonymous_11)
FN:234,(anonymous_12)
FN:251,(anonymous_13)
FN:264,(anonymous_14)
FN:272,(anonymous_15)
FN:284,(anonymous_16)
FN:310,(anonymous_17)
FN:311,(anonymous_18)
FN:335,(anonymous_19)
FN:336,(anonymous_20)
FN:351,(anonymous_21)
FN:352,(anonymous_22)
FNF:23
FNH:22
FNDA:8,(anonymous_0)
FNDA:8,(anonymous_1)
FNDA:6,(anonymous_2)
FNDA:6,(anonymous_3)
FNDA:3,(anonymous_4)
FNDA:3,(anonymous_5)
FNDA:7,(anonymous_6)
FNDA:3,(anonymous_7)
FNDA:5,(anonymous_8)
FNDA:3,(anonymous_9)
FNDA:2,(anonymous_10)
FNDA:1,(anonymous_11)
FNDA:2,(anonymous_12)
FNDA:3,(anonymous_13)
FNDA:2,(anonymous_14)
FNDA:0,(anonymous_15)
FNDA:2,(anonymous_16)
FNDA:2,(anonymous_17)
FNDA:2,(anonymous_18)
FNDA:1,(anonymous_19)
FNDA:1,(anonymous_20)
FNDA:2,(anonymous_21)
FNDA:2,(anonymous_22)
DA:1,2
DA:2,2
DA:3,2
DA:4,2
DA:5,2
DA:8,2
DA:9,8
DA:10,8
DA:11,8
DA:12,3
DA:17,8
DA:18,3
DA:23,8
DA:24,8
DA:27,8
DA:28,4
DA:33,8
DA:34,8
DA:41,3
DA:42,3
DA:49,5
DA:50,5
DA:58,2
DA:59,6
DA:60,6
DA:61,6
DA:62,6
DA:63,6
DA:66,6
DA:67,1
DA:72,6
DA:73,5
DA:74,5
DA:75,1
DA:81,5
DA:86,5
DA:91,5
DA:99,1
DA:105,2
DA:106,3
DA:107,3
DA:108,3
DA:112,3
DA:113,1
DA:118,3
DA:119,1
DA:125,3
DA:126,2
DA:138,2
DA:139,7
DA:140,7
DA:143,7
DA:144,7
DA:145,1
DA:149,6
DA:150,6
DA:158,6
DA:160,5
DA:161,3
DA:164,5
DA:165,3
DA:167,2
DA:170,5
DA:171,5
DA:175,5
DA:176,5
DA:179,1
DA:185,1
DA:186,1
DA:187,1
DA:189,1
DA:197,2
DA:198,3
DA:199,3
DA:200,3
DA:201,1
DA:204,2
DA:205,2
DA:206,0
DA:209,2
DA:210,2
DA:212,2
DA:213,1
DA:216,1
DA:217,1
DA:218,1
DA:219,1
DA:222,1
DA:223,1
DA:234,2
DA:235,2
DA:236,2
DA:240,2
DA:241,1
DA:244,1
DA:251,2
DA:252,3
DA:253,3
DA:254,3
DA:255,1
DA:258,2
DA:259,2
DA:260,0
DA:263,2
DA:264,2
DA:266,2
DA:267,1
DA:270,1
DA:271,1
DA:272,0
DA:276,1
DA:277,1
DA:284,2
DA:285,2
DA:286,2
DA:287,2
DA:288,1
DA:291,1
DA:292,1
DA:293,0
DA:296,1
DA:297,1
DA:298,1
DA:300,1
DA:310,2
DA:311,2
DA:312,2
DA:313,2
DA:316,2
DA:317,1
DA:323,2
DA:324,2
DA:335,2
DA:336,1
DA:337,1
DA:338,1
DA:339,1
DA:351,2
DA:352,2
DA:353,2
DA:354,2
DA:357,2
DA:358,1
DA:363,2
DA:374,2
LF:145
LH:141
BRDA:11,0,0,3
BRDA:11,0,1,5
BRDA:11,1,0,8
BRDA:11,1,1,8
BRDA:11,1,2,7
BRDA:11,1,3,5
BRDA:11,1,4,5
BRDA:17,2,0,3
BRDA:17,2,1,5
BRDA:27,3,0,4
BRDA:27,3,1,4
BRDA:41,4,0,3
BRDA:41,4,1,0
BRDA:66,5,0,1
BRDA:66,5,1,5
BRDA:74,6,0,1
BRDA:74,6,1,4
BRDA:112,7,0,1
BRDA:112,7,1,2
BRDA:112,8,0,3
BRDA:112,8,1,3
BRDA:118,9,0,1
BRDA:118,9,1,2
BRDA:144,10,0,1
BRDA:144,10,1,6
BRDA:158,11,0,5
BRDA:158,11,1,1
BRDA:164,12,0,3
BRDA:164,12,1,2
BRDA:200,13,0,1
BRDA:200,13,1,2
BRDA:205,14,0,0
BRDA:205,14,1,2
BRDA:212,15,0,1
BRDA:212,15,1,1
BRDA:219,16,0,0
BRDA:219,16,1,1
BRDA:240,17,0,1
BRDA:240,17,1,1
BRDA:254,18,0,1
BRDA:254,18,1,2
BRDA:259,19,0,0
BRDA:259,19,1,2
BRDA:266,20,0,1
BRDA:266,20,1,1
BRDA:287,21,0,1
BRDA:287,21,1,1
BRDA:292,22,0,0
BRDA:292,22,1,1
BRDA:316,23,0,1
BRDA:316,23,1,1
BRDA:357,24,0,1
BRDA:357,24,1,1
BRF:53
BRH:48
end_of_record
