TN:
SF:src\models\CartModel.js
FNF:0
FNH:0
DA:1,2
DA:4,2
DA:30,2
LF:3
LH:3
BRF:0
BRH:0
end_of_record
TN:
SF:src\models\CommentAndRating.js
FNF:0
FNH:0
DA:1,1
DA:2,1
DA:3,1
DA:5,1
DA:25,1
DA:29,1
LF:6
LH:6
BRF:0
BRH:0
end_of_record
TN:
SF:src\models\OrderProduct.js
FNF:0
FNH:0
DA:1,1
DA:3,1
DA:40,1
DA:41,1
LF:4
LH:4
BRF:0
BRH:0
end_of_record
TN:
SF:src\models\ProductModel.js
FNF:0
FNH:0
DA:1,3
DA:3,3
DA:27,3
DA:29,3
LF:4
LH:4
BRF:0
BRH:0
end_of_record
TN:
SF:src\models\UserModel.js
FNF:0
FNH:0
DA:1,3
DA:2,3
DA:29,3
DA:30,3
LF:4
LH:4
BRF:0
BRH:0
end_of_record
TN:
SF:src\services\JwtService.js
FN:5,(anonymous_0)
FN:17,(anonymous_1)
FN:29,(anonymous_2)
FN:30,(anonymous_3)
FN:32,(anonymous_4)
FNF:5
FNH:5
FNDA:8,(anonymous_0)
FNDA:6,(anonymous_1)
FNDA:2,(anonymous_2)
FNDA:2,(anonymous_3)
FNDA:2,(anonymous_4)
DA:1,2
DA:2,2
DA:3,2
DA:5,2
DA:6,8
DA:14,8
DA:17,2
DA:18,6
DA:26,6
DA:29,2
DA:30,2
DA:31,2
DA:32,2
DA:33,2
DA:34,1
DA:35,1
DA:40,2
DA:44,2
DA:56,2
LF:19
LH:19
BRDA:33,0,0,1
BRDA:33,0,1,1
BRF:2
BRH:2
end_of_record
TN:
SF:src\services\OrderService.js
FN:5,(anonymous_0)
FN:6,(anonymous_1)
FN:23,(anonymous_2)
FN:64,(anonymous_3)
FN:150,(anonymous_4)
FN:151,(anonymous_5)
FN:182,(anonymous_6)
FN:183,(anonymous_7)
FN:214,(anonymous_8)
FN:215,(anonymous_9)
FN:224,(anonymous_10)
FN:275,(anonymous_11)
FN:276,(anonymous_12)
FN:294,(anonymous_13)
FN:295,(anonymous_14)
FNF:15
FNH:15
FNDA:8,(anonymous_0)
FNDA:8,(anonymous_1)
FNDA:8,(anonymous_2)
FNDA:8,(anonymous_3)
FNDA:4,(anonymous_4)
FNDA:4,(anonymous_5)
FNDA:4,(anonymous_6)
FNDA:4,(anonymous_7)
FNDA:4,(anonymous_8)
FNDA:4,(anonymous_9)
FNDA:1,(anonymous_10)
FNDA:1,(anonymous_11)
FNDA:1,(anonymous_12)
FNDA:3,(anonymous_13)
FNDA:3,(anonymous_14)
DA:1,1
DA:2,1
DA:5,1
DA:6,8
DA:21,8
DA:22,8
DA:23,8
DA:24,8
DA:29,8
DA:42,2
DA:48,8
DA:49,8
DA:56,2
DA:64,8
DA:65,8
DA:78,8
DA:79,2
DA:84,6
DA:103,8
DA:119,6
DA:121,6
DA:130,2
DA:150,1
DA:151,4
DA:152,4
DA:153,4
DA:154,1
DA:159,4
DA:162,2
DA:163,1
DA:169,2
DA:176,2
DA:182,1
DA:183,4
DA:184,4
DA:185,4
DA:186,1
DA:191,4
DA:194,3
DA:195,1
DA:201,3
DA:208,1
DA:214,1
DA:215,4
DA:216,4
DA:217,4
DA:218,4
DA:219,3
DA:224,4
DA:225,1
DA:238,0
DA:239,0
DA:240,0
DA:241,0
DA:247,0
DA:254,4
DA:255,3
DA:257,3
DA:258,0
DA:263,3
DA:269,0
DA:275,1
DA:276,1
DA:277,1
DA:278,1
DA:282,1
DA:288,0
DA:294,1
DA:295,3
DA:296,3
DA:297,3
DA:298,1
DA:303,3
DA:306,2
DA:307,1
DA:313,2
DA:316,2
DA:322,1
DA:327,1
LF:79
LH:71
BRDA:29,0,0,2
BRDA:29,0,1,6
BRDA:30,1,0,8
BRDA:30,1,1,6
BRDA:30,1,2,6
BRDA:30,1,3,6
BRDA:30,1,4,6
BRDA:30,1,5,6
BRDA:30,1,6,6
BRDA:30,1,7,6
BRDA:30,1,8,6
BRDA:30,1,9,6
BRDA:30,1,10,6
BRDA:49,2,0,2
BRDA:49,2,1,6
BRDA:50,3,0,8
BRDA:50,3,1,8
BRDA:50,3,2,6
BRDA:50,3,3,6
BRDA:50,3,4,6
BRDA:78,4,0,2
BRDA:78,4,1,6
BRDA:119,5,0,6
BRDA:119,5,1,0
BRDA:153,6,0,1
BRDA:153,6,1,3
BRDA:162,7,0,1
BRDA:162,7,1,1
BRDA:162,8,0,2
BRDA:162,8,1,2
BRDA:185,9,0,1
BRDA:185,9,1,3
BRDA:194,10,0,1
BRDA:194,10,1,2
BRDA:218,11,0,3
BRDA:218,11,1,1
BRDA:238,12,0,0
BRDA:238,12,1,0
BRDA:240,13,0,0
BRDA:240,13,1,0
BRDA:255,14,0,3
BRDA:255,14,1,3
BRDA:255,14,2,0
BRDA:257,15,0,0
BRDA:257,15,1,3
BRDA:297,16,0,1
BRDA:297,16,1,2
BRDA:306,17,0,1
BRDA:306,17,1,1
BRDA:306,18,0,2
BRDA:306,18,1,1
BRF:51
BRH:44
end_of_record
TN:
SF:src\services\ProductService.js
FN:5,(anonymous_0)
FN:6,(anonymous_1)
FN:56,(anonymous_2)
FN:57,(anonymous_3)
FN:100,(anonymous_4)
FN:101,(anonymous_5)
FN:132,(anonymous_6)
FN:133,(anonymous_7)
FN:163,(anonymous_8)
FN:164,(anonymous_9)
FN:228,(anonymous_10)
FN:229,(anonymous_11)
FN:244,(anonymous_12)
FN:245,(anonymous_13)
FNF:14
FNH:14
FNDA:6,(anonymous_0)
FNDA:6,(anonymous_1)
FNDA:8,(anonymous_2)
FNDA:8,(anonymous_3)
FNDA:5,(anonymous_4)
FNDA:5,(anonymous_5)
FNDA:3,(anonymous_6)
FNDA:3,(anonymous_7)
FNDA:2,(anonymous_8)
FNDA:2,(anonymous_9)
FNDA:1,(anonymous_10)
FNDA:1,(anonymous_11)
FNDA:5,(anonymous_12)
FNDA:5,(anonymous_13)
DA:1,1
DA:2,1
DA:5,1
DA:6,6
DA:8,6
DA:9,6
DA:18,3
DA:23,6
DA:24,6
DA:27,6
DA:28,1
DA:33,6
DA:42,2
DA:43,2
DA:50,4
DA:56,1
DA:57,8
DA:58,8
DA:59,8
DA:63,8
DA:64,8
DA:73,7
DA:78,8
DA:79,0
DA:85,8
DA:88,8
DA:94,0
DA:100,1
DA:101,5
DA:102,5
DA:103,5
DA:104,1
DA:109,5
DA:113,3
DA:114,2
DA:120,3
DA:121,3
DA:126,2
DA:132,1
DA:133,3
DA:134,3
DA:135,1
DA:140,3
DA:141,3
DA:144,3
DA:145,2
DA:151,3
DA:163,1
DA:164,2
DA:165,2
DA:166,2
DA:167,2
DA:202,2
DA:203,0
DA:208,2
DA:213,2
DA:228,1
DA:229,1
DA:230,1
DA:231,1
DA:232,1
DA:238,0
DA:244,1
DA:245,5
DA:246,5
DA:247,5
DA:248,1
DA:254,5
DA:257,4
DA:258,2
DA:263,4
DA:268,4
DA:269,4
DA:275,1
DA:280,1
LF:75
LH:71
BRDA:9,0,0,3
BRDA:9,0,1,3
BRDA:10,1,0,6
BRDA:10,1,1,3
BRDA:10,1,2,3
BRDA:10,1,3,3
BRDA:10,1,4,3
BRDA:10,1,5,3
BRDA:10,1,6,3
BRDA:27,2,0,1
BRDA:27,2,1,5
BRDA:42,3,0,2
BRDA:42,3,1,0
BRDA:64,4,0,7
BRDA:64,4,1,1
BRDA:65,5,0,8
BRDA:65,5,1,7
BRDA:65,5,2,6
BRDA:65,5,3,5
BRDA:65,5,4,4
BRDA:65,5,5,4
BRDA:65,5,6,3
BRDA:78,6,0,0
BRDA:78,6,1,8
BRDA:103,7,0,1
BRDA:103,7,1,4
BRDA:113,8,0,2
BRDA:113,8,1,1
BRDA:134,9,0,1
BRDA:134,9,1,2
BRDA:144,10,0,2
BRDA:144,10,1,1
BRDA:202,11,0,0
BRDA:202,11,1,2
BRDA:247,12,0,1
BRDA:247,12,1,4
BRDA:257,13,0,2
BRDA:257,13,1,2
BRF:38
BRH:35
end_of_record
TN:
SF:src\services\UserService.js
FN:8,(anonymous_0)
FN:9,(anonymous_1)
FN:67,(anonymous_2)
FN:68,(anonymous_3)
FN:129,(anonymous_4)
FN:130,(anonymous_5)
FN:179,(anonymous_6)
FN:211,(anonymous_7)
FN:221,(anonymous_8)
FN:247,(anonymous_9)
FN:264,(anonymous_10)
FN:271,(anonymous_11)
FN:288,(anonymous_12)
FN:308,(anonymous_13)
FN:321,(anonymous_14)
FN:329,(anonymous_15)
FN:341,(anonymous_16)
FN:367,(anonymous_17)
FN:368,(anonymous_18)
FN:392,(anonymous_19)
FN:393,(anonymous_20)
FN:408,(anonymous_21)
FN:409,(anonymous_22)
FNF:23
FNH:22
FNDA:10,(anonymous_0)
FNDA:10,(anonymous_1)
FNDA:9,(anonymous_2)
FNDA:9,(anonymous_3)
FNDA:6,(anonymous_4)
FNDA:6,(anonymous_5)
FNDA:12,(anonymous_6)
FNDA:4,(anonymous_7)
FNDA:7,(anonymous_8)
FNDA:7,(anonymous_9)
FNDA:3,(anonymous_10)
FNDA:1,(anonymous_11)
FNDA:4,(anonymous_12)
FNDA:5,(anonymous_13)
FNDA:3,(anonymous_14)
FNDA:0,(anonymous_15)
FNDA:4,(anonymous_16)
FNDA:3,(anonymous_17)
FNDA:3,(anonymous_18)
FNDA:2,(anonymous_19)
FNDA:2,(anonymous_20)
FNDA:3,(anonymous_21)
FNDA:3,(anonymous_22)
DA:1,2
DA:2,2
DA:3,2
DA:4,2
DA:5,2
DA:8,2
DA:9,10
DA:10,10
DA:11,10
DA:12,4
DA:17,10
DA:18,2
DA:24,10
DA:25,10
DA:26,2
DA:32,10
DA:33,10
DA:36,10
DA:37,6
DA:42,10
DA:43,10
DA:50,3
DA:51,3
DA:58,7
DA:59,7
DA:67,2
DA:68,9
DA:69,9
DA:71,9
DA:72,1
DA:78,9
DA:79,9
DA:80,2
DA:86,9
DA:87,9
DA:90,9
DA:91,3
DA:96,9
DA:97,6
DA:98,6
DA:99,2
DA:105,6
DA:110,6
DA:115,6
DA:123,3
DA:129,2
DA:130,6
DA:131,6
DA:132,6
DA:133,1
DA:140,6
DA:141,5
DA:142,1
DA:148,6
DA:152,5
DA:153,1
DA:159,5
DA:160,4
DA:166,5
DA:167,5
DA:179,2
DA:180,12
DA:181,12
DA:184,11
DA:185,10
DA:186,1
DA:190,9
DA:195,1
DA:199,8
DA:200,8
DA:208,8
DA:210,7
DA:211,4
DA:214,7
DA:215,4
DA:217,3
DA:220,7
DA:221,7
DA:225,7
DA:226,7
DA:229,1
DA:235,1
DA:236,1
DA:237,1
DA:239,1
DA:247,2
DA:248,7
DA:249,7
DA:250,6
DA:251,1
DA:254,5
DA:255,2
DA:258,3
DA:259,3
DA:260,0
DA:263,3
DA:264,3
DA:266,3
DA:267,2
DA:270,1
DA:271,1
DA:272,1
DA:273,1
DA:276,1
DA:277,1
DA:288,2
DA:289,4
DA:290,4
DA:291,1
DA:293,3
DA:297,2
DA:298,1
DA:301,1
DA:308,2
DA:309,5
DA:310,5
DA:311,4
DA:312,1
DA:315,3
DA:316,3
DA:317,0
DA:320,3
DA:321,3
DA:323,3
DA:324,2
DA:327,1
DA:328,1
DA:329,0
DA:333,1
DA:334,1
DA:341,2
DA:342,4
DA:343,4
DA:344,3
DA:345,1
DA:348,2
DA:349,2
DA:350,0
DA:353,2
DA:354,2
DA:355,2
DA:357,2
DA:367,2
DA:368,3
DA:369,3
DA:370,3
DA:373,3
DA:374,2
DA:380,3
DA:381,3
DA:392,2
DA:393,2
DA:394,2
DA:395,2
DA:396,2
DA:408,2
DA:409,3
DA:410,3
DA:411,3
DA:412,1
DA:417,3
DA:420,2
DA:421,1
DA:426,2
DA:437,2
LF:165
LH:161
BRDA:11,0,0,4
BRDA:11,0,1,6
BRDA:11,1,0,10
BRDA:11,1,1,9
BRDA:11,1,2,8
BRDA:11,1,3,7
BRDA:11,1,4,7
BRDA:17,2,0,2
BRDA:17,2,1,8
BRDA:25,3,0,2
BRDA:25,3,1,8
BRDA:36,4,0,6
BRDA:36,4,1,4
BRDA:50,5,0,3
BRDA:50,5,1,0
BRDA:71,6,0,1
BRDA:71,6,1,8
BRDA:79,7,0,2
BRDA:79,7,1,7
BRDA:90,8,0,3
BRDA:90,8,1,6
BRDA:98,9,0,2
BRDA:98,9,1,4
BRDA:132,10,0,1
BRDA:132,10,1,5
BRDA:141,11,0,1
BRDA:141,11,1,4
BRDA:141,12,0,5
BRDA:141,12,1,5
BRDA:141,12,2,5
BRDA:152,13,0,1
BRDA:152,13,1,4
BRDA:152,14,0,5
BRDA:152,14,1,5
BRDA:159,15,0,4
BRDA:159,15,1,1
BRDA:185,16,0,1
BRDA:185,16,1,9
BRDA:190,17,0,1
BRDA:190,17,1,8
BRDA:191,18,0,9
BRDA:191,18,1,9
BRDA:191,18,2,8
BRDA:208,19,0,7
BRDA:208,19,1,1
BRDA:214,20,0,4
BRDA:214,20,1,3
BRDA:250,21,0,1
BRDA:250,21,1,5
BRDA:254,22,0,2
BRDA:254,22,1,3
BRDA:254,23,0,5
BRDA:254,23,1,5
BRDA:254,23,2,4
BRDA:259,24,0,0
BRDA:259,24,1,3
BRDA:266,25,0,2
BRDA:266,25,1,1
BRDA:273,26,0,0
BRDA:273,26,1,1
BRDA:290,27,0,1
BRDA:290,27,1,3
BRDA:297,28,0,1
BRDA:297,28,1,1
BRDA:311,29,0,1
BRDA:311,29,1,3
BRDA:316,30,0,0
BRDA:316,30,1,3
BRDA:323,31,0,2
BRDA:323,31,1,1
BRDA:344,32,0,1
BRDA:344,32,1,2
BRDA:349,33,0,0
BRDA:349,33,1,2
BRDA:373,34,0,2
BRDA:373,34,1,1
BRDA:411,35,0,1
BRDA:411,35,1,2
BRDA:420,36,0,1
BRDA:420,36,1,1
BRF:80
BRH:75
end_of_record
